info: ::1 - - [19/Aug/2024:07:13:09 +0000] "POST /api/v1 HTTP/1.1" 404 47 "-" "PostmanRuntime/7.41.1"

info: ::1 - - [19/Aug/2024:07:13:24 +0000] "POST /api/v1/users HTTP/1.1" 500 55 "-" "PostmanRuntime/7.41.1"

info: ::1 - - [19/Aug/2024:07:13:33 +0000] "POST /api/v1/user HTTP/1.1" 404 47 "-" "PostmanRuntime/7.41.1"

info: ::1 - - [19/Aug/2024:07:13:58 +0000] "POST /api/v1/users HTTP/1.1" 500 55 "-" "PostmanRuntime/7.41.1"

info: ::1 - - [19/Aug/2024:07:23:24 +0000] "POST /api/v1/bookstore/user HTTP/1.1" 400 35 "-" "PostmanRuntime/7.41.1"

info: ::1 - - [19/Aug/2024:07:23:55 +0000] "POST /api/v1/bookstore/user HTTP/1.1" 201 155 "-" "PostmanRuntime/7.41.1"

info: ::1 - - [19/Aug/2024:07:27:56 +0000] "POST /api/v1/bookstore/user HTTP/1.1" 201 218 "-" "PostmanRuntime/7.41.1"

info: ::1 - - [19/Aug/2024:07:30:41 +0000] "POST /api/v1/bookstore/user HTTP/1.1" 201 220 "-" "PostmanRuntime/7.41.1"

info: ::1 - - [19/Aug/2024:07:39:05 +0000] "POST /api/v1/bookstore/user/login HTTP/1.1" - - "-" "PostmanRuntime/7.41.1"

info: ::1 - - [19/Aug/2024:07:40:54 +0000] "POST /api/v1/bookstore/user/login HTTP/1.1" - - "-" "PostmanRuntime/7.41.1"

info: ::1 - - [19/Aug/2024:07:42:37 +0000] "POST /api/v1/bookstore/user/login HTTP/1.1" 400 11 "-" "PostmanRuntime/7.41.1"

info: ::1 - - [19/Aug/2024:07:46:17 +0000] "POST /api/v1/bookstore/user/login HTTP/1.1" 400 11 "-" "PostmanRuntime/7.41.1"

info: ::1 - - [19/Aug/2024:07:47:08 +0000] "POST /api/v1/bookstore/user/login HTTP/1.1" 400 11 "-" "PostmanRuntime/7.41.1"

info: ::1 - - [19/Aug/2024:07:48:48 +0000] "POST /api/v1/bookstore/user/login HTTP/1.1" 400 11 "-" "PostmanRuntime/7.41.1"

info: ::1 - - [19/Aug/2024:07:49:26 +0000] "POST /api/v1/bookstore/user/login HTTP/1.1" 400 11 "-" "PostmanRuntime/7.41.1"

info: ::1 - - [19/Aug/2024:07:50:44 +0000] "POST /api/v1/bookstore/user/login HTTP/1.1" 400 11 "-" "PostmanRuntime/7.41.1"

info: ::1 - - [19/Aug/2024:07:53:58 +0000] "POST /api/v1/bookstore/user/login HTTP/1.1" 400 11 "-" "PostmanRuntime/7.41.1"

info: ::1 - - [19/Aug/2024:08:07:45 +0000] "POST /api/v1/bookstore/user/login HTTP/1.1" 404 47 "-" "PostmanRuntime/7.41.1"

info: ::1 - - [19/Aug/2024:08:08:30 +0000] "POST /api/v1/bookstore/user/login HTTP/1.1" 404 47 "-" "PostmanRuntime/7.41.1"

info: ::1 - - [19/Aug/2024:08:09:36 +0000] "POST /api/v1/bookstore/user/login HTTP/1.1" 404 47 "-" "PostmanRuntime/7.41.1"

info: ::1 - - [19/Aug/2024:08:10:25 +0000] "POST /api/v1/bookstore/user/login HTTP/1.1" 404 47 "-" "PostmanRuntime/7.41.1"

info: ::1 - - [19/Aug/2024:08:11:54 +0000] "POST /api/v1/bookstore/user/login HTTP/1.1" 404 47 "-" "PostmanRuntime/7.41.1"

info: ::1 - - [19/Aug/2024:08:13:25 +0000] "POST /api/v1/bookstore/user/login HTTP/1.1" 404 47 "-" "PostmanRuntime/7.41.1"

info: ::1 - - [19/Aug/2024:08:17:31 +0000] "POST /api/v1/bookstore/user/login HTTP/1.1" 404 47 "-" "PostmanRuntime/7.41.1"

info: ::1 - - [19/Aug/2024:08:43:47 +0000] "POST /api/v1/bookstore/user/login HTTP/1.1" 400 11 "-" "PostmanRuntime/7.41.1"

info: ::1 - - [19/Aug/2024:08:44:38 +0000] "POST /api/v1/bookstore/user/login HTTP/1.1" 400 25 "-" "PostmanRuntime/7.41.1"

info: ::1 - - [19/Aug/2024:08:46:10 +0000] "POST /api/v1/bookstore/user/login HTTP/1.1" 400 25 "-" "PostmanRuntime/7.41.1"

info: ::1 - - [19/Aug/2024:08:49:41 +0000] "POST /api/v1/bookstore/user HTTP/1.1" 400 35 "-" "PostmanRuntime/7.41.1"

info: ::1 - - [19/Aug/2024:08:51:09 +0000] "POST /api/v1/bookstore/user HTTP/1.1" 201 225 "-" "PostmanRuntime/7.41.1"

info: ::1 - - [19/Aug/2024:08:52:52 +0000] "POST /api/v1/bookstore/user/login HTTP/1.1" 202 292 "-" "PostmanRuntime/7.41.1"

info: ::1 - - [19/Aug/2024:08:55:43 +0000] "POST /api/v1/bookstore/user/login HTTP/1.1" 202 292 "-" "PostmanRuntime/7.41.1"

info: ::1 - - [19/Aug/2024:08:56:45 +0000] "POST /api/v1/bookstore/user HTTP/1.1" 201 221 "-" "PostmanRuntime/7.41.1"

info: ::1 - - [19/Aug/2024:09:00:42 +0000] "POST /api/v1/bookstore/user HTTP/1.1" 201 225 "-" "PostmanRuntime/7.41.1"

info: ::1 - - [19/Aug/2024:09:01:47 +0000] "POST /api/v1/bookstore/user HTTP/1.1" 201 171 "-" "PostmanRuntime/7.41.1"

info: ::1 - - [19/Aug/2024:09:03:21 +0000] "POST /api/v1/bookstore/user/login HTTP/1.1" 202 288 "-" "PostmanRuntime/7.41.1"

info: ::1 - - [19/Aug/2024:09:03:59 +0000] "POST /api/v1/bookstore/user/login HTTP/1.1" 202 312 "-" "PostmanRuntime/7.41.1"

info: ::1 - - [19/Aug/2024:09:09:26 +0000] "POST /api/v1/bookstore/user/login HTTP/1.1" - - "-" "PostmanRuntime/7.41.1"

info: ::1 - - [19/Aug/2024:09:11:54 +0000] "POST /api/v1/bookstore/user/login HTTP/1.1" 202 261 "-" "PostmanRuntime/7.41.1"

info: ::1 - - [19/Aug/2024:10:36:50 +0000] "POST /api/v1/bookstore/user/login/update HTTP/1.1" 404 47 "-" "PostmanRuntime/7.41.1"

info: ::1 - - [19/Aug/2024:10:37:21 +0000] "POST /api/v1/bookstore/user/update HTTP/1.1" 202 45 "-" "PostmanRuntime/7.41.1"

info: ::1 - - [19/Aug/2024:10:37:59 +0000] "POST /api/v1/bookstore/user/login HTTP/1.1" 202 261 "-" "PostmanRuntime/7.41.1"

info: ::1 - - [19/Aug/2024:10:38:19 +0000] "POST /api/v1/bookstore/user/login HTTP/1.1" 400 60 "-" "PostmanRuntime/7.41.1"

info: ::1 - - [19/Aug/2024:10:38:27 +0000] "POST /api/v1/bookstore/user/login HTTP/1.1" 202 261 "-" "PostmanRuntime/7.41.1"

info: ::1 - - [19/Aug/2024:10:39:45 +0000] "POST /api/v1/bookstore/user/update HTTP/1.1" 202 45 "-" "PostmanRuntime/7.41.1"

info: ::1 - - [19/Aug/2024:10:40:51 +0000] "POST /api/v1/bookstore/user/update HTTP/1.1" 202 45 "-" "PostmanRuntime/7.41.1"

info: ::1 - - [19/Aug/2024:10:41:46 +0000] "POST /api/v1/bookstore/user/update HTTP/1.1" 202 45 "-" "PostmanRuntime/7.41.1"

info: ::1 - - [19/Aug/2024:10:42:49 +0000] "POST /api/v1/bookstore/user/update HTTP/1.1" 202 45 "-" "PostmanRuntime/7.41.1"

info: ::1 - - [19/Aug/2024:10:45:34 +0000] "POST /api/v1/bookstore/user/update HTTP/1.1" 202 45 "-" "PostmanRuntime/7.41.1"

info: ::1 - - [19/Aug/2024:10:47:07 +0000] "POST /api/v1/bookstore/user/login HTTP/1.1" 400 60 "-" "PostmanRuntime/7.41.1"

info: ::1 - - [19/Aug/2024:10:47:18 +0000] "POST /api/v1/bookstore/user/login HTTP/1.1" 202 261 "-" "PostmanRuntime/7.41.1"

