info: Connected to the database. {"timestamp":"2024-08-19T05:44:03.730Z"}
info: Connected to the database. {"timestamp":"2024-08-19T05:46:26.838Z"}
info: Server started at http://localhost:3000/api/v1/ {"timestamp":"2024-08-19T05:46:40.177Z"}
info: Connected to the database. {"timestamp":"2024-08-19T05:46:40.422Z"}
info: Server started at http://localhost:3000/api/v1/ {"timestamp":"2024-08-19T05:50:11.474Z"}
info: Connected to the database. {"timestamp":"2024-08-19T05:50:11.723Z"}
info: Server started at http://localhost:3000/api/v1/ {"timestamp":"2024-08-19T06:00:44.377Z"}
info: Connected to the database. {"timestamp":"2024-08-19T06:00:45.020Z"}
info: Server started at http://localhost:3000/api/v1/ {"timestamp":"2024-08-19T07:09:05.179Z"}
info: Connected to the database. {"timestamp":"2024-08-19T07:09:05.636Z"}
info: Server started at http://localhost:3000/api/v1/ {"timestamp":"2024-08-19T07:09:46.646Z"}
info: Connected to the database. {"timestamp":"2024-08-19T07:09:46.999Z"}
error: 
    status - 500 
    message - ValidationError: "name" is required 
    url - /api/v1/users 
    method - POST 
    IP - ::1
   {"timestamp":"2024-08-19T07:13:24.224Z"}
error: 
    status - 500 
    message - ValidationError: "name" is required 
    url - /api/v1/users 
    method - POST 
    IP - ::1
   {"timestamp":"2024-08-19T07:13:58.624Z"}
info: Server started at http://localhost:3000/api/v1/ {"timestamp":"2024-08-19T07:16:58.505Z"}
info: Connected to the database. {"timestamp":"2024-08-19T07:16:58.904Z"}
info: Server started at http://localhost:3000/api/v1/ {"timestamp":"2024-08-19T07:17:18.765Z"}
info: Connected to the database. {"timestamp":"2024-08-19T07:17:19.032Z"}
info: Server started at http://localhost:3000/api/v1/ {"timestamp":"2024-08-19T07:17:45.109Z"}
info: Server started at http://localhost:3000/api/v1/ {"timestamp":"2024-08-19T07:22:13.373Z"}
info: Connected to the database. {"timestamp":"2024-08-19T07:22:13.891Z"}
info: Server started at http://localhost:3000/api/v1/ {"timestamp":"2024-08-19T07:22:52.326Z"}
info: Connected to the database. {"timestamp":"2024-08-19T07:22:52.590Z"}
info: Server started at http://localhost:3000/api/v1/ {"timestamp":"2024-08-19T07:25:12.154Z"}
info: Connected to the database. {"timestamp":"2024-08-19T07:25:12.577Z"}
info: Server started at http://localhost:3000/api/v1/ {"timestamp":"2024-08-19T07:27:48.437Z"}
info: Connected to the database. {"timestamp":"2024-08-19T07:27:48.820Z"}
info: Server started at http://localhost:3000/api/v1/ {"timestamp":"2024-08-19T07:30:26.564Z"}
info: Connected to the database. {"timestamp":"2024-08-19T07:30:27.014Z"}
info: Server started at http://localhost:3000/api/v1/ {"timestamp":"2024-08-19T07:31:31.207Z"}
info: Connected to the database. {"timestamp":"2024-08-19T07:31:31.600Z"}
info: Server started at http://localhost:3000/api/v1/ {"timestamp":"2024-08-19T07:33:40.321Z"}
info: Connected to the database. {"timestamp":"2024-08-19T07:33:40.728Z"}
info: Server started at http://localhost:3000/api/v1/ {"timestamp":"2024-08-19T07:36:25.990Z"}
info: Connected to the database. {"timestamp":"2024-08-19T07:36:26.244Z"}
info: Server started at http://localhost:3000/api/v1/ {"timestamp":"2024-08-19T07:37:57.693Z"}
info: Connected to the database. {"timestamp":"2024-08-19T07:37:57.966Z"}
info: Server started at http://localhost:3000/api/v1/ {"timestamp":"2024-08-19T07:40:37.669Z"}
info: Connected to the database. {"timestamp":"2024-08-19T07:40:37.942Z"}
info: Server started at http://localhost:3000/api/v1/ {"timestamp":"2024-08-19T07:42:32.493Z"}
info: Connected to the database. {"timestamp":"2024-08-19T07:42:32.881Z"}
info: Server started at http://localhost:3000/api/v1/ {"timestamp":"2024-08-19T07:46:11.050Z"}
info: Connected to the database. {"timestamp":"2024-08-19T07:46:11.289Z"}
info: Server started at http://localhost:3000/api/v1/ {"timestamp":"2024-08-19T07:47:05.747Z"}
info: Connected to the database. {"timestamp":"2024-08-19T07:47:06.105Z"}
info: Server started at http://localhost:3000/api/v1/ {"timestamp":"2024-08-19T07:48:46.620Z"}
info: Connected to the database. {"timestamp":"2024-08-19T07:48:46.941Z"}
info: Server started at http://localhost:3000/api/v1/ {"timestamp":"2024-08-19T07:49:24.042Z"}
info: Connected to the database. {"timestamp":"2024-08-19T07:49:24.433Z"}
info: Server started at http://localhost:3000/api/v1/ {"timestamp":"2024-08-19T07:50:39.905Z"}
info: Connected to the database. {"timestamp":"2024-08-19T07:50:40.256Z"}
info: Server started at http://localhost:3000/api/v1/ {"timestamp":"2024-08-19T07:53:42.822Z"}
info: Connected to the database. {"timestamp":"2024-08-19T07:53:43.277Z"}
info: Server started at http://localhost:3000/api/v1/ {"timestamp":"2024-08-19T07:53:47.591Z"}
info: Connected to the database. {"timestamp":"2024-08-19T07:53:47.856Z"}
info: Server started at http://localhost:3000/api/v1/ {"timestamp":"2024-08-19T07:58:35.559Z"}
info: Connected to the database. {"timestamp":"2024-08-19T07:58:35.818Z"}
info: Server started at http://localhost:3000/api/v1/ {"timestamp":"2024-08-19T07:59:46.877Z"}
info: Connected to the database. {"timestamp":"2024-08-19T07:59:47.148Z"}
info: Server started at http://localhost:3000/api/v1/ {"timestamp":"2024-08-19T08:00:39.899Z"}
info: Connected to the database. {"timestamp":"2024-08-19T08:00:40.152Z"}
info: Server started at http://localhost:3000/api/v1/ {"timestamp":"2024-08-19T08:01:45.433Z"}
info: Connected to the database. {"timestamp":"2024-08-19T08:01:45.734Z"}
info: Server started at http://localhost:3000/api/v1/ {"timestamp":"2024-08-19T08:04:49.711Z"}
info: Connected to the database. {"timestamp":"2024-08-19T08:04:50.163Z"}
info: Server started at http://localhost:3000/api/v1/ {"timestamp":"2024-08-19T08:04:55.413Z"}
info: Connected to the database. {"timestamp":"2024-08-19T08:04:55.878Z"}
info: Server started at http://localhost:3000/api/v1/ {"timestamp":"2024-08-19T08:07:42.768Z"}
info: Connected to the database. {"timestamp":"2024-08-19T08:07:43.365Z"}
info: Server started at http://localhost:3000/api/v1/ {"timestamp":"2024-08-19T08:10:05.415Z"}
info: Connected to the database. {"timestamp":"2024-08-19T08:10:05.711Z"}
info: Server started at http://localhost:3000/api/v1/ {"timestamp":"2024-08-19T08:11:01.753Z"}
info: Connected to the database. {"timestamp":"2024-08-19T08:11:02.118Z"}
info: Server started at http://localhost:3000/api/v1/ {"timestamp":"2024-08-19T08:11:44.250Z"}
info: Connected to the database. {"timestamp":"2024-08-19T08:11:44.569Z"}
info: Server started at http://localhost:3000/api/v1/ {"timestamp":"2024-08-19T08:12:58.450Z"}
info: Connected to the database. {"timestamp":"2024-08-19T08:12:58.713Z"}
info: Server started at http://localhost:3000/api/v1/ {"timestamp":"2024-08-19T08:16:11.112Z"}
info: Connected to the database. {"timestamp":"2024-08-19T08:16:11.406Z"}
info: Server started at http://localhost:3000/api/v1/ {"timestamp":"2024-08-19T08:17:12.210Z"}
info: Connected to the database. {"timestamp":"2024-08-19T08:17:12.484Z"}
info: Server started at http://localhost:3000/api/v1/ {"timestamp":"2024-08-19T08:17:26.706Z"}
info: Connected to the database. {"timestamp":"2024-08-19T08:17:27.133Z"}
info: Server started at http://localhost:3000/api/v1/ {"timestamp":"2024-08-19T08:22:02.069Z"}
info: Connected to the database. {"timestamp":"2024-08-19T08:22:02.360Z"}
info: Server started at http://localhost:3000/api/v1/ {"timestamp":"2024-08-19T08:22:17.458Z"}
info: Connected to the database. {"timestamp":"2024-08-19T08:22:17.717Z"}
info: Server started at http://localhost:3000/api/v1/ {"timestamp":"2024-08-19T08:22:48.219Z"}
info: Connected to the database. {"timestamp":"2024-08-19T08:22:48.530Z"}
info: Server started at http://localhost:3000/api/v1/ {"timestamp":"2024-08-19T08:23:19.558Z"}
info: Connected to the database. {"timestamp":"2024-08-19T08:23:19.823Z"}
info: Server started at http://localhost:3000/api/v1/ {"timestamp":"2024-08-19T08:29:46.855Z"}
info: Connected to the database. {"timestamp":"2024-08-19T08:29:47.239Z"}
info: Server started at http://localhost:3000/api/v1/ {"timestamp":"2024-08-19T08:30:45.233Z"}
info: Connected to the database. {"timestamp":"2024-08-19T08:30:45.514Z"}
info: Server started at http://localhost:3000/api/v1/ {"timestamp":"2024-08-19T08:31:10.454Z"}
info: Connected to the database. {"timestamp":"2024-08-19T08:31:10.740Z"}
info: Server started at http://localhost:3000/api/v1/ {"timestamp":"2024-08-19T08:34:05.335Z"}
info: Connected to the database. {"timestamp":"2024-08-19T08:34:05.777Z"}
info: Server started at http://localhost:3000/api/v1/ {"timestamp":"2024-08-19T08:34:23.617Z"}
info: Connected to the database. {"timestamp":"2024-08-19T08:34:24.290Z"}
info: Server started at http://localhost:3000/api/v1/ {"timestamp":"2024-08-19T08:34:29.700Z"}
info: Connected to the database. {"timestamp":"2024-08-19T08:34:29.974Z"}
info: Server started at http://localhost:3000/api/v1/ {"timestamp":"2024-08-19T08:35:19.699Z"}
info: Connected to the database. {"timestamp":"2024-08-19T08:35:20.079Z"}
info: Server started at http://localhost:3000/api/v1/ {"timestamp":"2024-08-19T08:39:23.172Z"}
info: Connected to the database. {"timestamp":"2024-08-19T08:39:23.441Z"}
info: Server started at http://localhost:3000/api/v1/ {"timestamp":"2024-08-19T08:43:43.037Z"}
info: Connected to the database. {"timestamp":"2024-08-19T08:43:43.275Z"}
info: Server started at http://localhost:3000/api/v1/ {"timestamp":"2024-08-19T08:44:33.996Z"}
info: Connected to the database. {"timestamp":"2024-08-19T08:44:34.451Z"}
info: Server started at http://localhost:3000/api/v1/ {"timestamp":"2024-08-19T08:46:08.632Z"}
info: Connected to the database. {"timestamp":"2024-08-19T08:46:08.988Z"}
info: Server started at http://localhost:3000/api/v1/ {"timestamp":"2024-08-19T08:46:47.621Z"}
info: Connected to the database. {"timestamp":"2024-08-19T08:46:48.051Z"}
info: Server started at http://localhost:3000/api/v1/ {"timestamp":"2024-08-19T08:50:11.421Z"}
info: Connected to the database. {"timestamp":"2024-08-19T08:50:11.754Z"}
info: Server started at http://localhost:3000/api/v1/ {"timestamp":"2024-08-19T08:52:06.775Z"}
info: Connected to the database. {"timestamp":"2024-08-19T08:52:07.130Z"}
info: Server started at http://localhost:3000/api/v1/ {"timestamp":"2024-08-19T08:54:55.395Z"}
info: Connected to the database. {"timestamp":"2024-08-19T08:54:55.629Z"}
info: Server started at http://localhost:3000/api/v1/ {"timestamp":"2024-08-19T08:55:19.851Z"}
info: Connected to the database. {"timestamp":"2024-08-19T08:55:20.103Z"}
info: Server started at http://localhost:3000/api/v1/ {"timestamp":"2024-08-19T08:59:13.802Z"}
info: Connected to the database. {"timestamp":"2024-08-19T08:59:14.205Z"}
info: Server started at http://localhost:3000/api/v1/ {"timestamp":"2024-08-19T09:01:33.413Z"}
info: Connected to the database. {"timestamp":"2024-08-19T09:01:33.696Z"}
info: Server started at http://localhost:3000/api/v1/ {"timestamp":"2024-08-19T09:02:28.105Z"}
info: Connected to the database. {"timestamp":"2024-08-19T09:02:28.374Z"}
info: Server started at http://localhost:3000/api/v1/ {"timestamp":"2024-08-19T09:02:55.185Z"}
info: Connected to the database. {"timestamp":"2024-08-19T09:02:55.548Z"}
info: Server started at http://localhost:3000/api/v1/ {"timestamp":"2024-08-19T09:03:55.919Z"}
info: Connected to the database. {"timestamp":"2024-08-19T09:03:56.275Z"}
info: Server started at http://localhost:3000/api/v1/ {"timestamp":"2024-08-19T09:08:09.250Z"}
info: Connected to the database. {"timestamp":"2024-08-19T09:08:09.583Z"}
info: Server started at http://localhost:3000/api/v1/ {"timestamp":"2024-08-19T09:10:02.697Z"}
info: Connected to the database. {"timestamp":"2024-08-19T09:10:03.038Z"}
info: Server started at http://localhost:3000/api/v1/ {"timestamp":"2024-08-19T09:11:48.830Z"}
info: Connected to the database. {"timestamp":"2024-08-19T09:11:49.110Z"}
info: Server started at http://localhost:3000/api/v1/ {"timestamp":"2024-08-19T09:19:08.564Z"}
info: Connected to the database. {"timestamp":"2024-08-19T09:19:08.811Z"}
info: Server started at http://localhost:3000/api/v1/ {"timestamp":"2024-08-19T09:19:38.361Z"}
info: Connected to the database. {"timestamp":"2024-08-19T09:19:38.597Z"}
info: Server started at http://localhost:3000/api/v1/ {"timestamp":"2024-08-19T09:28:06.868Z"}
info: Connected to the database. {"timestamp":"2024-08-19T09:28:07.115Z"}
info: Server started at http://localhost:3000/api/v1/ {"timestamp":"2024-08-19T09:37:38.197Z"}
info: Connected to the database. {"timestamp":"2024-08-19T09:37:38.735Z"}
info: Server started at http://localhost:3000/api/v1/ {"timestamp":"2024-08-19T09:39:32.321Z"}
info: Connected to the database. {"timestamp":"2024-08-19T09:39:32.573Z"}
info: Server started at http://localhost:3000/api/v1/ {"timestamp":"2024-08-19T09:40:08.050Z"}
info: Connected to the database. {"timestamp":"2024-08-19T09:40:08.299Z"}
info: Server started at http://localhost:3000/api/v1/ {"timestamp":"2024-08-19T09:40:29.195Z"}
info: Connected to the database. {"timestamp":"2024-08-19T09:40:29.669Z"}
info: Server started at http://localhost:3000/api/v1/ {"timestamp":"2024-08-19T10:36:01.766Z"}
info: Connected to the database. {"timestamp":"2024-08-19T10:36:01.990Z"}
info: Server started at http://localhost:3000/api/v1/ {"timestamp":"2024-08-19T10:39:21.579Z"}
info: Connected to the database. {"timestamp":"2024-08-19T10:39:21.893Z"}
info: Server started at http://localhost:3000/api/v1/ {"timestamp":"2024-08-19T10:40:49.163Z"}
info: Connected to the database. {"timestamp":"2024-08-19T10:40:49.429Z"}
info: Server started at http://localhost:3000/api/v1/ {"timestamp":"2024-08-19T10:41:38.701Z"}
info: Connected to the database. {"timestamp":"2024-08-19T10:41:39.017Z"}
info: Server started at http://localhost:3000/api/v1/ {"timestamp":"2024-08-19T10:42:48.478Z"}
info: Connected to the database. {"timestamp":"2024-08-19T10:42:48.729Z"}
info: Server started at http://localhost:3000/api/v1/ {"timestamp":"2024-08-19T10:45:30.396Z"}
info: Connected to the database. {"timestamp":"2024-08-19T10:45:30.624Z"}
info: Server started at http://localhost:3000/api/v1/ {"timestamp":"2024-08-19T10:46:27.776Z"}
info: Connected to the database. {"timestamp":"2024-08-19T10:46:28.020Z"}
info: Server started at http://localhost:3000/api/v1/ {"timestamp":"2024-08-19T10:47:48.467Z"}
info: Connected to the database. {"timestamp":"2024-08-19T10:47:48.705Z"}
