info: Server started at http://localhost:3000/api/v1/ {"timestamp":"2024-08-20T11:44:36.337Z"}
info: Connected to the database. {"timestamp":"2024-08-20T11:44:36.657Z"}
error: 
    status - 500 
    message - ValidationError: "firstName" is required 
    url - /api/v1/users/ 
    method - POST 
    IP - ::1
   {"timestamp":"2024-08-20T11:49:38.231Z"}
error: 
    status - 500 
    message - ValidationError: "mobileNo" is required 
    url - /api/v1/users/ 
    method - POST 
    IP - ::1
   {"timestamp":"2024-08-20T11:50:32.673Z"}
error: [Logger] User Services: Register User:  value "7355307897" is out of range for type integer {"name":"SequelizeDatabaseError","original":{"code":"22003","file":"numutils.c","length":153,"line":"614","name":"error","parameters":["satya prakash","singh","saty06072000@gmail.com","$2b$10$T4d7CCoBwvDCmJqpQxNuvuf40YNzMA4/QpwX8Nl7xRmRoVd3P51o.",7355307897,"user","2024-08-20 11:50:46.190 +00:00","2024-08-20 11:50:46.190 +00:00"],"routine":"pg_strtoint32_safe","severity":"ERROR","sql":"INSERT INTO \"users\" (\"id\",\"firstName\",\"lastName\",\"email\",\"password\",\"mobileNo\",\"role\",\"createdAt\",\"updatedAt\") VALUES (DEFAULT,$1,$2,$3,$4,$5,$6,$7,$8) RETURNING \"id\",\"firstName\",\"lastName\",\"email\",\"password\",\"mobileNo\",\"role\",\"createdAt\",\"updatedAt\";","where":"unnamed portal parameter $5 = '...'"},"parameters":["satya prakash","singh","saty06072000@gmail.com","$2b$10$T4d7CCoBwvDCmJqpQxNuvuf40YNzMA4/QpwX8Nl7xRmRoVd3P51o.",7355307897,"user","2024-08-20 11:50:46.190 +00:00","2024-08-20 11:50:46.190 +00:00"],"parent":{"code":"22003","file":"numutils.c","length":153,"line":"614","name":"error","parameters":["satya prakash","singh","saty06072000@gmail.com","$2b$10$T4d7CCoBwvDCmJqpQxNuvuf40YNzMA4/QpwX8Nl7xRmRoVd3P51o.",7355307897,"user","2024-08-20 11:50:46.190 +00:00","2024-08-20 11:50:46.190 +00:00"],"routine":"pg_strtoint32_safe","severity":"ERROR","sql":"INSERT INTO \"users\" (\"id\",\"firstName\",\"lastName\",\"email\",\"password\",\"mobileNo\",\"role\",\"createdAt\",\"updatedAt\") VALUES (DEFAULT,$1,$2,$3,$4,$5,$6,$7,$8) RETURNING \"id\",\"firstName\",\"lastName\",\"email\",\"password\",\"mobileNo\",\"role\",\"createdAt\",\"updatedAt\";","where":"unnamed portal parameter $5 = '...'"},"sql":"INSERT INTO \"users\" (\"id\",\"firstName\",\"lastName\",\"email\",\"password\",\"mobileNo\",\"role\",\"createdAt\",\"updatedAt\") VALUES (DEFAULT,$1,$2,$3,$4,$5,$6,$7,$8) RETURNING \"id\",\"firstName\",\"lastName\",\"email\",\"password\",\"mobileNo\",\"role\",\"createdAt\",\"updatedAt\";","stack":"Error: \n    at Query.run (C:\\Users\\admin\\Desktop\\fundoo_Notes\\newBookStore\\BookStore\\node_modules\\sequelize\\src\\dialects\\postgres\\query.js:76:25)\n    at C:\\Users\\admin\\Desktop\\fundoo_Notes\\newBookStore\\BookStore\\node_modules\\sequelize\\src\\sequelize.js:650:28\n    at processTicksAndRejections (node:internal/process/task_queues:95:5)\n    at PostgresQueryInterface.insert (C:\\Users\\admin\\Desktop\\fundoo_Notes\\newBookStore\\BookStore\\node_modules\\sequelize\\src\\dialects\\abstract\\query-interface.js:795:21)\n    at User.save (C:\\Users\\admin\\Desktop\\fundoo_Notes\\newBookStore\\BookStore\\node_modules\\sequelize\\src\\model.js:4154:35)\n    at Function.create (C:\\Users\\admin\\Desktop\\fundoo_Notes\\newBookStore\\BookStore\\node_modules\\sequelize\\src\\model.js:2305:12)","timestamp":"2024-08-20T11:50:46.507Z"}
info: Server started at http://localhost:3000/api/v1/ {"timestamp":"2024-08-20T11:54:14.301Z"}
info: Connected to the database. {"timestamp":"2024-08-20T11:54:14.785Z"}
error: 
    status - 500 
    message - ValidationError: "mobileNo" is required 
    url - /api/v1/users 
    method - POST 
    IP - ::1
   {"timestamp":"2024-08-20T11:54:44.322Z"}
error: [Logger] User Services: Register User:  value "7355307897" is out of range for type integer {"name":"SequelizeDatabaseError","original":{"code":"22003","file":"numutils.c","length":153,"line":"614","name":"error","parameters":["satya prakash","singh","saty06072000@gmail.com","$2b$10$v7DFGN7PNV7OZzh/.ScaLe1ehg2j/OcfiCQg9nUGeGsP3fq/m5YJm",7355307897,"user","2024-08-20 11:54:53.886 +00:00","2024-08-20 11:54:53.886 +00:00"],"routine":"pg_strtoint32_safe","severity":"ERROR","sql":"INSERT INTO \"users\" (\"id\",\"firstName\",\"lastName\",\"email\",\"password\",\"mobileNo\",\"role\",\"createdAt\",\"updatedAt\") VALUES (DEFAULT,$1,$2,$3,$4,$5,$6,$7,$8) RETURNING \"id\",\"firstName\",\"lastName\",\"email\",\"password\",\"mobileNo\",\"role\",\"createdAt\",\"updatedAt\";","where":"unnamed portal parameter $5 = '...'"},"parameters":["satya prakash","singh","saty06072000@gmail.com","$2b$10$v7DFGN7PNV7OZzh/.ScaLe1ehg2j/OcfiCQg9nUGeGsP3fq/m5YJm",7355307897,"user","2024-08-20 11:54:53.886 +00:00","2024-08-20 11:54:53.886 +00:00"],"parent":{"code":"22003","file":"numutils.c","length":153,"line":"614","name":"error","parameters":["satya prakash","singh","saty06072000@gmail.com","$2b$10$v7DFGN7PNV7OZzh/.ScaLe1ehg2j/OcfiCQg9nUGeGsP3fq/m5YJm",7355307897,"user","2024-08-20 11:54:53.886 +00:00","2024-08-20 11:54:53.886 +00:00"],"routine":"pg_strtoint32_safe","severity":"ERROR","sql":"INSERT INTO \"users\" (\"id\",\"firstName\",\"lastName\",\"email\",\"password\",\"mobileNo\",\"role\",\"createdAt\",\"updatedAt\") VALUES (DEFAULT,$1,$2,$3,$4,$5,$6,$7,$8) RETURNING \"id\",\"firstName\",\"lastName\",\"email\",\"password\",\"mobileNo\",\"role\",\"createdAt\",\"updatedAt\";","where":"unnamed portal parameter $5 = '...'"},"sql":"INSERT INTO \"users\" (\"id\",\"firstName\",\"lastName\",\"email\",\"password\",\"mobileNo\",\"role\",\"createdAt\",\"updatedAt\") VALUES (DEFAULT,$1,$2,$3,$4,$5,$6,$7,$8) RETURNING \"id\",\"firstName\",\"lastName\",\"email\",\"password\",\"mobileNo\",\"role\",\"createdAt\",\"updatedAt\";","stack":"Error: \n    at Query.run (C:\\Users\\admin\\Desktop\\fundoo_Notes\\newBookStore\\BookStore\\node_modules\\sequelize\\src\\dialects\\postgres\\query.js:76:25)\n    at C:\\Users\\admin\\Desktop\\fundoo_Notes\\newBookStore\\BookStore\\node_modules\\sequelize\\src\\sequelize.js:650:28\n    at processTicksAndRejections (node:internal/process/task_queues:95:5)\n    at PostgresQueryInterface.insert (C:\\Users\\admin\\Desktop\\fundoo_Notes\\newBookStore\\BookStore\\node_modules\\sequelize\\src\\dialects\\abstract\\query-interface.js:795:21)\n    at User.save (C:\\Users\\admin\\Desktop\\fundoo_Notes\\newBookStore\\BookStore\\node_modules\\sequelize\\src\\model.js:4154:35)\n    at Function.create (C:\\Users\\admin\\Desktop\\fundoo_Notes\\newBookStore\\BookStore\\node_modules\\sequelize\\src\\model.js:2305:12)","timestamp":"2024-08-20T11:54:54.158Z"}
error: 
    status - 500 
    message - Error: WHERE parameter "id" has invalid "undefined" value
    at PostgresQueryGenerator.whereItemQuery (C:\Users\admin\Desktop\fundoo_Notes\newBookStore\BookStore\node_modules\sequelize\src\dialects\abstract\query-generator.js:2445:13)
    at C:\Users\admin\Desktop\fundoo_Notes\newBookStore\BookStore\node_modules\sequelize\src\dialects\abstract\query-generator.js:2434:25
    at Array.forEach (<anonymous>)
    at PostgresQueryGenerator.whereItemsQuery (C:\Users\admin\Desktop\fundoo_Notes\newBookStore\BookStore\node_modules\sequelize\src\dialects\abstract\query-generator.js:2432:35)
    at PostgresQueryGenerator.getWhereConditions (C:\Users\admin\Desktop\fundoo_Notes\newBookStore\BookStore\node_modules\sequelize\src\dialects\abstract\query-generator.js:2860:19)
    at PostgresQueryGenerator.selectQuery (C:\Users\admin\Desktop\fundoo_Notes\newBookStore\BookStore\node_modules\sequelize\src\dialects\abstract\query-generator.js:1460:28)
    at PostgresQueryInterface.select (C:\Users\admin\Desktop\fundoo_Notes\newBookStore\BookStore\node_modules\sequelize\src\dialects\abstract\query-interface.js:1002:27)
    at Function.findAll (C:\Users\admin\Desktop\fundoo_Notes\newBookStore\BookStore\node_modules\sequelize\src\model.js:1824:47)
    at processTicksAndRejections (node:internal/process/task_queues:95:5)
    at Function.findOne (C:\Users\admin\Desktop\fundoo_Notes\newBookStore\BookStore\node_modules\sequelize\src\model.js:1998:12) 
    url - /api/v1/order 
    method - POST 
    IP - ::1
   {"timestamp":"2024-08-20T12:02:45.617Z"}
error: 
    status - 500 
    message - Error: WHERE parameter "id" has invalid "undefined" value
    at PostgresQueryGenerator.whereItemQuery (C:\Users\admin\Desktop\fundoo_Notes\newBookStore\BookStore\node_modules\sequelize\src\dialects\abstract\query-generator.js:2445:13)
    at C:\Users\admin\Desktop\fundoo_Notes\newBookStore\BookStore\node_modules\sequelize\src\dialects\abstract\query-generator.js:2434:25
    at Array.forEach (<anonymous>)
    at PostgresQueryGenerator.whereItemsQuery (C:\Users\admin\Desktop\fundoo_Notes\newBookStore\BookStore\node_modules\sequelize\src\dialects\abstract\query-generator.js:2432:35)
    at PostgresQueryGenerator.getWhereConditions (C:\Users\admin\Desktop\fundoo_Notes\newBookStore\BookStore\node_modules\sequelize\src\dialects\abstract\query-generator.js:2860:19)
    at PostgresQueryGenerator.selectQuery (C:\Users\admin\Desktop\fundoo_Notes\newBookStore\BookStore\node_modules\sequelize\src\dialects\abstract\query-generator.js:1460:28)
    at PostgresQueryInterface.select (C:\Users\admin\Desktop\fundoo_Notes\newBookStore\BookStore\node_modules\sequelize\src\dialects\abstract\query-interface.js:1002:27)
    at Function.findAll (C:\Users\admin\Desktop\fundoo_Notes\newBookStore\BookStore\node_modules\sequelize\src\model.js:1824:47)
    at processTicksAndRejections (node:internal/process/task_queues:95:5)
    at Function.findOne (C:\Users\admin\Desktop\fundoo_Notes\newBookStore\BookStore\node_modules\sequelize\src\model.js:1998:12) 
    url - /api/v1/order 
    method - POST 
    IP - ::1
   {"timestamp":"2024-08-20T12:03:14.090Z"}
error: 
    status - 500 
    message - Error: WHERE parameter "id" has invalid "undefined" value
    at PostgresQueryGenerator.whereItemQuery (C:\Users\admin\Desktop\fundoo_Notes\newBookStore\BookStore\node_modules\sequelize\src\dialects\abstract\query-generator.js:2445:13)
    at C:\Users\admin\Desktop\fundoo_Notes\newBookStore\BookStore\node_modules\sequelize\src\dialects\abstract\query-generator.js:2434:25
    at Array.forEach (<anonymous>)
    at PostgresQueryGenerator.whereItemsQuery (C:\Users\admin\Desktop\fundoo_Notes\newBookStore\BookStore\node_modules\sequelize\src\dialects\abstract\query-generator.js:2432:35)
    at PostgresQueryGenerator.getWhereConditions (C:\Users\admin\Desktop\fundoo_Notes\newBookStore\BookStore\node_modules\sequelize\src\dialects\abstract\query-generator.js:2860:19)
    at PostgresQueryGenerator.selectQuery (C:\Users\admin\Desktop\fundoo_Notes\newBookStore\BookStore\node_modules\sequelize\src\dialects\abstract\query-generator.js:1460:28)
    at PostgresQueryInterface.select (C:\Users\admin\Desktop\fundoo_Notes\newBookStore\BookStore\node_modules\sequelize\src\dialects\abstract\query-interface.js:1002:27)
    at Function.findAll (C:\Users\admin\Desktop\fundoo_Notes\newBookStore\BookStore\node_modules\sequelize\src\model.js:1824:47)
    at processTicksAndRejections (node:internal/process/task_queues:95:5)
    at Function.findOne (C:\Users\admin\Desktop\fundoo_Notes\newBookStore\BookStore\node_modules\sequelize\src\model.js:1998:12) 
    url - /api/v1/order 
    method - POST 
    IP - ::1
   {"timestamp":"2024-08-20T12:03:57.839Z"}
error: 
    status - 500 
    message - Error: WHERE parameter "id" has invalid "undefined" value
    at PostgresQueryGenerator.whereItemQuery (C:\Users\admin\Desktop\fundoo_Notes\newBookStore\BookStore\node_modules\sequelize\src\dialects\abstract\query-generator.js:2445:13)
    at C:\Users\admin\Desktop\fundoo_Notes\newBookStore\BookStore\node_modules\sequelize\src\dialects\abstract\query-generator.js:2434:25
    at Array.forEach (<anonymous>)
    at PostgresQueryGenerator.whereItemsQuery (C:\Users\admin\Desktop\fundoo_Notes\newBookStore\BookStore\node_modules\sequelize\src\dialects\abstract\query-generator.js:2432:35)
    at PostgresQueryGenerator.getWhereConditions (C:\Users\admin\Desktop\fundoo_Notes\newBookStore\BookStore\node_modules\sequelize\src\dialects\abstract\query-generator.js:2860:19)
    at PostgresQueryGenerator.selectQuery (C:\Users\admin\Desktop\fundoo_Notes\newBookStore\BookStore\node_modules\sequelize\src\dialects\abstract\query-generator.js:1460:28)
    at PostgresQueryInterface.select (C:\Users\admin\Desktop\fundoo_Notes\newBookStore\BookStore\node_modules\sequelize\src\dialects\abstract\query-interface.js:1002:27)
    at Function.findAll (C:\Users\admin\Desktop\fundoo_Notes\newBookStore\BookStore\node_modules\sequelize\src\model.js:1824:47)
    at processTicksAndRejections (node:internal/process/task_queues:95:5)
    at Function.findOne (C:\Users\admin\Desktop\fundoo_Notes\newBookStore\BookStore\node_modules\sequelize\src\model.js:1998:12) 
    url - /api/v1/order 
    method - POST 
    IP - ::1
   {"timestamp":"2024-08-20T12:04:04.434Z"}
error: 
    status - 500 
    message - Error: WHERE parameter "id" has invalid "undefined" value
    at PostgresQueryGenerator.whereItemQuery (C:\Users\admin\Desktop\fundoo_Notes\newBookStore\BookStore\node_modules\sequelize\src\dialects\abstract\query-generator.js:2445:13)
    at C:\Users\admin\Desktop\fundoo_Notes\newBookStore\BookStore\node_modules\sequelize\src\dialects\abstract\query-generator.js:2434:25
    at Array.forEach (<anonymous>)
    at PostgresQueryGenerator.whereItemsQuery (C:\Users\admin\Desktop\fundoo_Notes\newBookStore\BookStore\node_modules\sequelize\src\dialects\abstract\query-generator.js:2432:35)
    at PostgresQueryGenerator.getWhereConditions (C:\Users\admin\Desktop\fundoo_Notes\newBookStore\BookStore\node_modules\sequelize\src\dialects\abstract\query-generator.js:2860:19)
    at PostgresQueryGenerator.selectQuery (C:\Users\admin\Desktop\fundoo_Notes\newBookStore\BookStore\node_modules\sequelize\src\dialects\abstract\query-generator.js:1460:28)
    at PostgresQueryInterface.select (C:\Users\admin\Desktop\fundoo_Notes\newBookStore\BookStore\node_modules\sequelize\src\dialects\abstract\query-interface.js:1002:27)
    at Function.findAll (C:\Users\admin\Desktop\fundoo_Notes\newBookStore\BookStore\node_modules\sequelize\src\model.js:1824:47)
    at processTicksAndRejections (node:internal/process/task_queues:95:5)
    at Function.findOne (C:\Users\admin\Desktop\fundoo_Notes\newBookStore\BookStore\node_modules\sequelize\src\model.js:1998:12) 
    url - /api/v1/order 
    method - POST 
    IP - ::1
   {"timestamp":"2024-08-20T12:05:41.893Z"}
error: 
    status - 500 
    message - TypeError: Cannot read properties of null (reading 'quantity')
    at CartService.<anonymous> (C:\Users\admin\Desktop\fundoo_Notes\newBookStore\BookStore\src\services\order.service.ts:34:18)
    at Generator.next (<anonymous>)
    at fulfilled (C:\Users\admin\Desktop\fundoo_Notes\newBookStore\BookStore\src\services\order.service.ts:28:58)
    at processTicksAndRejections (node:internal/process/task_queues:95:5) 
    url - /api/v1/order 
    method - POST 
    IP - ::1
   {"timestamp":"2024-08-20T12:12:48.573Z"}
error: 
    status - 500 
    message - TypeError: Cannot read properties of null (reading 'quantity')
    at CartService.<anonymous> (C:\Users\admin\Desktop\fundoo_Notes\newBookStore\BookStore\src\services\order.service.ts:34:18)
    at Generator.next (<anonymous>)
    at fulfilled (C:\Users\admin\Desktop\fundoo_Notes\newBookStore\BookStore\src\services\order.service.ts:28:58)
    at processTicksAndRejections (node:internal/process/task_queues:95:5) 
    url - /api/v1/order 
    method - POST 
    IP - ::1
   {"timestamp":"2024-08-20T12:13:14.917Z"}
error: 
    status - 500 
    message - TypeError: Cannot read properties of null (reading 'quantity')
    at CartService.<anonymous> (C:\Users\admin\Desktop\fundoo_Notes\newBookStore\BookStore\src\services\order.service.ts:34:18)
    at Generator.next (<anonymous>)
    at fulfilled (C:\Users\admin\Desktop\fundoo_Notes\newBookStore\BookStore\src\services\order.service.ts:28:58)
    at processTicksAndRejections (node:internal/process/task_queues:95:5) 
    url - /api/v1/order/ 
    method - POST 
    IP - ::1
   {"timestamp":"2024-08-20T12:13:57.034Z"}
error: 
    status - 500 
    message - TypeError: Cannot read properties of null (reading 'quantity')
    at CartService.<anonymous> (C:\Users\admin\Desktop\fundoo_Notes\newBookStore\BookStore\src\services\order.service.ts:34:18)
    at Generator.next (<anonymous>)
    at fulfilled (C:\Users\admin\Desktop\fundoo_Notes\newBookStore\BookStore\src\services\order.service.ts:28:58)
    at processTicksAndRejections (node:internal/process/task_queues:95:5) 
    url - /api/v1/order/ 
    method - POST 
    IP - ::1
   {"timestamp":"2024-08-20T12:14:36.703Z"}
error: 
    status - 500 
    message - TypeError: Cannot read properties of null (reading 'quantity')
    at CartService.<anonymous> (C:\Users\admin\Desktop\fundoo_Notes\newBookStore\BookStore\src\services\order.service.ts:34:18)
    at Generator.next (<anonymous>)
    at fulfilled (C:\Users\admin\Desktop\fundoo_Notes\newBookStore\BookStore\src\services\order.service.ts:28:58)
    at processTicksAndRejections (node:internal/process/task_queues:95:5) 
    url - /api/v1/order/ 
    method - POST 
    IP - ::1
   {"timestamp":"2024-08-20T12:15:00.489Z"}
error: 
    status - 500 
    message - TypeError: Cannot read properties of null (reading 'quantity')
    at CartService.<anonymous> (C:\Users\admin\Desktop\fundoo_Notes\newBookStore\BookStore\src\services\order.service.ts:34:18)
    at Generator.next (<anonymous>)
    at fulfilled (C:\Users\admin\Desktop\fundoo_Notes\newBookStore\BookStore\src\services\order.service.ts:28:58)
    at processTicksAndRejections (node:internal/process/task_queues:95:5) 
    url - /api/v1/order/ 
    method - POST 
    IP - ::1
   {"timestamp":"2024-08-20T12:15:48.253Z"}
error: 
    status - 500 
    message - TypeError: Cannot read properties of null (reading 'quantity')
    at CartService.<anonymous> (C:\Users\admin\Desktop\fundoo_Notes\newBookStore\BookStore\src\services\order.service.ts:34:18)
    at Generator.next (<anonymous>)
    at fulfilled (C:\Users\admin\Desktop\fundoo_Notes\newBookStore\BookStore\src\services\order.service.ts:28:58)
    at processTicksAndRejections (node:internal/process/task_queues:95:5) 
    url - /api/v1/order 
    method - POST 
    IP - ::1
   {"timestamp":"2024-08-20T12:18:00.207Z"}
error: 
    status - 500 
    message - TypeError: Cannot read properties of null (reading 'quantity')
    at CartService.<anonymous> (C:\Users\admin\Desktop\fundoo_Notes\newBookStore\BookStore\src\services\order.service.ts:34:18)
    at Generator.next (<anonymous>)
    at fulfilled (C:\Users\admin\Desktop\fundoo_Notes\newBookStore\BookStore\src\services\order.service.ts:28:58)
    at processTicksAndRejections (node:internal/process/task_queues:95:5) 
    url - /api/v1/order/ 
    method - POST 
    IP - ::1
   {"timestamp":"2024-08-20T12:18:05.129Z"}
error: 
    status - 500 
    message - TypeError: Cannot read properties of null (reading 'quantity')
    at CartService.<anonymous> (C:\Users\admin\Desktop\fundoo_Notes\newBookStore\BookStore\src\services\order.service.ts:34:18)
    at Generator.next (<anonymous>)
    at fulfilled (C:\Users\admin\Desktop\fundoo_Notes\newBookStore\BookStore\src\services\order.service.ts:28:58)
    at processTicksAndRejections (node:internal/process/task_queues:95:5) 
    url - /api/v1/order/ 
    method - POST 
    IP - ::1
   {"timestamp":"2024-08-20T12:19:31.242Z"}
error: 
    status - 500 
    message - TypeError: Cannot read properties of null (reading 'quantity')
    at CartService.<anonymous> (C:\Users\admin\Desktop\fundoo_Notes\newBookStore\BookStore\src\services\order.service.ts:34:18)
    at Generator.next (<anonymous>)
    at fulfilled (C:\Users\admin\Desktop\fundoo_Notes\newBookStore\BookStore\src\services\order.service.ts:28:58)
    at processTicksAndRejections (node:internal/process/task_queues:95:5) 
    url - /api/v1/order 
    method - POST 
    IP - ::1
   {"timestamp":"2024-08-20T12:19:40.531Z"}
error: 
    status - 500 
    message - TypeError: Cannot read properties of null (reading 'quantity')
    at CartService.<anonymous> (C:\Users\admin\Desktop\fundoo_Notes\newBookStore\BookStore\src\services\order.service.ts:34:18)
    at Generator.next (<anonymous>)
    at fulfilled (C:\Users\admin\Desktop\fundoo_Notes\newBookStore\BookStore\src\services\order.service.ts:28:58)
    at processTicksAndRejections (node:internal/process/task_queues:95:5) 
    url - /api/v1/order/ 
    method - POST 
    IP - ::1
   {"timestamp":"2024-08-20T12:19:46.846Z"}
info: Server started at http://localhost:3000/api/v1/ {"timestamp":"2024-08-20T12:20:26.889Z"}
info: Connected to the database. {"timestamp":"2024-08-20T12:20:27.277Z"}
error: 
    status - 500 
    message - TypeError: Cannot read properties of null (reading 'quantity')
    at CartService.<anonymous> (C:\Users\admin\Desktop\fundoo_Notes\newBookStore\BookStore\src\services\order.service.ts:34:18)
    at Generator.next (<anonymous>)
    at fulfilled (C:\Users\admin\Desktop\fundoo_Notes\newBookStore\BookStore\src\services\order.service.ts:28:58)
    at processTicksAndRejections (node:internal/process/task_queues:95:5) 
    url - /api/v1/order 
    method - POST 
    IP - ::1
   {"timestamp":"2024-08-20T12:20:35.300Z"}
info: Server started at http://localhost:3000/api/v1/ {"timestamp":"2024-08-20T12:20:54.759Z"}
info: Connected to the database. {"timestamp":"2024-08-20T12:20:55.064Z"}
info: Server started at http://localhost:3000/api/v1/ {"timestamp":"2024-08-20T12:21:18.852Z"}
info: Connected to the database. {"timestamp":"2024-08-20T12:21:19.198Z"}
error: 
    status - 500 
    message - TypeError: Cannot read properties of null (reading 'quantity')
    at CartService.<anonymous> (C:\Users\admin\Desktop\fundoo_Notes\newBookStore\BookStore\src\services\order.service.ts:34:18)
    at Generator.next (<anonymous>)
    at fulfilled (C:\Users\admin\Desktop\fundoo_Notes\newBookStore\BookStore\src\services\order.service.ts:28:58)
    at processTicksAndRejections (node:internal/process/task_queues:95:5) 
    url - /api/v1/order 
    method - POST 
    IP - ::1
   {"timestamp":"2024-08-20T12:21:28.664Z"}
error: 
    status - 500 
    message - TypeError: Cannot read properties of null (reading 'quantity')
    at CartService.<anonymous> (C:\Users\admin\Desktop\fundoo_Notes\newBookStore\BookStore\src\services\order.service.ts:34:18)
    at Generator.next (<anonymous>)
    at fulfilled (C:\Users\admin\Desktop\fundoo_Notes\newBookStore\BookStore\src\services\order.service.ts:28:58)
    at processTicksAndRejections (node:internal/process/task_queues:95:5) 
    url - /api/v1/order 
    method - POST 
    IP - ::1
   {"timestamp":"2024-08-20T12:23:00.711Z"}
error: 
    status - 500 
    message - TypeError: Cannot read properties of null (reading 'quantity')
    at CartService.<anonymous> (C:\Users\admin\Desktop\fundoo_Notes\newBookStore\BookStore\src\services\order.service.ts:34:18)
    at Generator.next (<anonymous>)
    at fulfilled (C:\Users\admin\Desktop\fundoo_Notes\newBookStore\BookStore\src\services\order.service.ts:28:58)
    at processTicksAndRejections (node:internal/process/task_queues:95:5) 
    url - /api/v1/order 
    method - POST 
    IP - ::1
   {"timestamp":"2024-08-20T12:23:42.332Z"}
error: 
    status - 500 
    message - TypeError: Cannot read properties of null (reading 'quantity')
    at CartService.<anonymous> (C:\Users\admin\Desktop\fundoo_Notes\newBookStore\BookStore\src\services\order.service.ts:34:18)
    at Generator.next (<anonymous>)
    at fulfilled (C:\Users\admin\Desktop\fundoo_Notes\newBookStore\BookStore\src\services\order.service.ts:28:58)
    at processTicksAndRejections (node:internal/process/task_queues:95:5) 
    url - /api/v1/order 
    method - POST 
    IP - ::1
   {"timestamp":"2024-08-20T12:25:40.531Z"}
error: 
    status - 500 
    message - TypeError: Cannot read properties of null (reading 'quantity')
    at CartService.<anonymous> (C:\Users\admin\Desktop\fundoo_Notes\newBookStore\BookStore\src\services\order.service.ts:34:18)
    at Generator.next (<anonymous>)
    at fulfilled (C:\Users\admin\Desktop\fundoo_Notes\newBookStore\BookStore\src\services\order.service.ts:28:58)
    at processTicksAndRejections (node:internal/process/task_queues:95:5) 
    url - /api/v1/order 
    method - POST 
    IP - ::1
   {"timestamp":"2024-08-20T12:26:39.391Z"}
info: Server started at http://localhost:3000/api/v1/ {"timestamp":"2024-08-20T12:27:42.342Z"}
info: Connected to the database. {"timestamp":"2024-08-20T12:27:42.759Z"}
error: 
    status - 500 
    message - TypeError: Cannot read properties of null (reading 'quantity')
    at CartService.<anonymous> (C:\Users\admin\Desktop\fundoo_Notes\newBookStore\BookStore\src\services\order.service.ts:35:18)
    at Generator.next (<anonymous>)
    at fulfilled (C:\Users\admin\Desktop\fundoo_Notes\newBookStore\BookStore\src\services\order.service.ts:28:58)
    at processTicksAndRejections (node:internal/process/task_queues:95:5) 
    url - /api/v1/order 
    method - POST 
    IP - ::1
   {"timestamp":"2024-08-20T12:27:43.772Z"}
info: Server started at http://localhost:3000/api/v1/ {"timestamp":"2024-08-20T12:28:32.810Z"}
info: Connected to the database. {"timestamp":"2024-08-20T12:28:33.138Z"}
error: 
    status - 500 
    message - TypeError: Cannot read properties of null (reading 'quantity')
    at CartService.<anonymous> (C:\Users\admin\Desktop\fundoo_Notes\newBookStore\BookStore\src\services\order.service.ts:36:18)
    at Generator.next (<anonymous>)
    at fulfilled (C:\Users\admin\Desktop\fundoo_Notes\newBookStore\BookStore\src\services\order.service.ts:28:58)
    at processTicksAndRejections (node:internal/process/task_queues:95:5) 
    url - /api/v1/order 
    method - POST 
    IP - ::1
   {"timestamp":"2024-08-20T12:28:37.076Z"}
