error: 
    status - 500 
    message - ValidationError: "firstName" is required 
    url - /api/v1/users/ 
    method - POST 
    IP - ::1
   {"timestamp":"2024-08-20T11:49:38.231Z"}
error: 
    status - 500 
    message - ValidationError: "mobileNo" is required 
    url - /api/v1/users/ 
    method - POST 
    IP - ::1
   {"timestamp":"2024-08-20T11:50:32.673Z"}
error: [Logger] User Services: Register User:  value "7355307897" is out of range for type integer {"name":"SequelizeDatabaseError","original":{"code":"22003","file":"numutils.c","length":153,"line":"614","name":"error","parameters":["satya prakash","singh","saty06072000@gmail.com","$2b$10$T4d7CCoBwvDCmJqpQxNuvuf40YNzMA4/QpwX8Nl7xRmRoVd3P51o.",7355307897,"user","2024-08-20 11:50:46.190 +00:00","2024-08-20 11:50:46.190 +00:00"],"routine":"pg_strtoint32_safe","severity":"ERROR","sql":"INSERT INTO \"users\" (\"id\",\"firstName\",\"lastName\",\"email\",\"password\",\"mobileNo\",\"role\",\"createdAt\",\"updatedAt\") VALUES (DEFAULT,$1,$2,$3,$4,$5,$6,$7,$8) RETURNING \"id\",\"firstName\",\"lastName\",\"email\",\"password\",\"mobileNo\",\"role\",\"createdAt\",\"updatedAt\";","where":"unnamed portal parameter $5 = '...'"},"parameters":["satya prakash","singh","saty06072000@gmail.com","$2b$10$T4d7CCoBwvDCmJqpQxNuvuf40YNzMA4/QpwX8Nl7xRmRoVd3P51o.",7355307897,"user","2024-08-20 11:50:46.190 +00:00","2024-08-20 11:50:46.190 +00:00"],"parent":{"code":"22003","file":"numutils.c","length":153,"line":"614","name":"error","parameters":["satya prakash","singh","saty06072000@gmail.com","$2b$10$T4d7CCoBwvDCmJqpQxNuvuf40YNzMA4/QpwX8Nl7xRmRoVd3P51o.",7355307897,"user","2024-08-20 11:50:46.190 +00:00","2024-08-20 11:50:46.190 +00:00"],"routine":"pg_strtoint32_safe","severity":"ERROR","sql":"INSERT INTO \"users\" (\"id\",\"firstName\",\"lastName\",\"email\",\"password\",\"mobileNo\",\"role\",\"createdAt\",\"updatedAt\") VALUES (DEFAULT,$1,$2,$3,$4,$5,$6,$7,$8) RETURNING \"id\",\"firstName\",\"lastName\",\"email\",\"password\",\"mobileNo\",\"role\",\"createdAt\",\"updatedAt\";","where":"unnamed portal parameter $5 = '...'"},"sql":"INSERT INTO \"users\" (\"id\",\"firstName\",\"lastName\",\"email\",\"password\",\"mobileNo\",\"role\",\"createdAt\",\"updatedAt\") VALUES (DEFAULT,$1,$2,$3,$4,$5,$6,$7,$8) RETURNING \"id\",\"firstName\",\"lastName\",\"email\",\"password\",\"mobileNo\",\"role\",\"createdAt\",\"updatedAt\";","stack":"Error: \n    at Query.run (C:\\Users\\admin\\Desktop\\fundoo_Notes\\newBookStore\\BookStore\\node_modules\\sequelize\\src\\dialects\\postgres\\query.js:76:25)\n    at C:\\Users\\admin\\Desktop\\fundoo_Notes\\newBookStore\\BookStore\\node_modules\\sequelize\\src\\sequelize.js:650:28\n    at processTicksAndRejections (node:internal/process/task_queues:95:5)\n    at PostgresQueryInterface.insert (C:\\Users\\admin\\Desktop\\fundoo_Notes\\newBookStore\\BookStore\\node_modules\\sequelize\\src\\dialects\\abstract\\query-interface.js:795:21)\n    at User.save (C:\\Users\\admin\\Desktop\\fundoo_Notes\\newBookStore\\BookStore\\node_modules\\sequelize\\src\\model.js:4154:35)\n    at Function.create (C:\\Users\\admin\\Desktop\\fundoo_Notes\\newBookStore\\BookStore\\node_modules\\sequelize\\src\\model.js:2305:12)","timestamp":"2024-08-20T11:50:46.507Z"}
error: 
    status - 500 
    message - ValidationError: "mobileNo" is required 
    url - /api/v1/users 
    method - POST 
    IP - ::1
   {"timestamp":"2024-08-20T11:54:44.322Z"}
error: [Logger] User Services: Register User:  value "7355307897" is out of range for type integer {"name":"SequelizeDatabaseError","original":{"code":"22003","file":"numutils.c","length":153,"line":"614","name":"error","parameters":["satya prakash","singh","saty06072000@gmail.com","$2b$10$v7DFGN7PNV7OZzh/.ScaLe1ehg2j/OcfiCQg9nUGeGsP3fq/m5YJm",7355307897,"user","2024-08-20 11:54:53.886 +00:00","2024-08-20 11:54:53.886 +00:00"],"routine":"pg_strtoint32_safe","severity":"ERROR","sql":"INSERT INTO \"users\" (\"id\",\"firstName\",\"lastName\",\"email\",\"password\",\"mobileNo\",\"role\",\"createdAt\",\"updatedAt\") VALUES (DEFAULT,$1,$2,$3,$4,$5,$6,$7,$8) RETURNING \"id\",\"firstName\",\"lastName\",\"email\",\"password\",\"mobileNo\",\"role\",\"createdAt\",\"updatedAt\";","where":"unnamed portal parameter $5 = '...'"},"parameters":["satya prakash","singh","saty06072000@gmail.com","$2b$10$v7DFGN7PNV7OZzh/.ScaLe1ehg2j/OcfiCQg9nUGeGsP3fq/m5YJm",7355307897,"user","2024-08-20 11:54:53.886 +00:00","2024-08-20 11:54:53.886 +00:00"],"parent":{"code":"22003","file":"numutils.c","length":153,"line":"614","name":"error","parameters":["satya prakash","singh","saty06072000@gmail.com","$2b$10$v7DFGN7PNV7OZzh/.ScaLe1ehg2j/OcfiCQg9nUGeGsP3fq/m5YJm",7355307897,"user","2024-08-20 11:54:53.886 +00:00","2024-08-20 11:54:53.886 +00:00"],"routine":"pg_strtoint32_safe","severity":"ERROR","sql":"INSERT INTO \"users\" (\"id\",\"firstName\",\"lastName\",\"email\",\"password\",\"mobileNo\",\"role\",\"createdAt\",\"updatedAt\") VALUES (DEFAULT,$1,$2,$3,$4,$5,$6,$7,$8) RETURNING \"id\",\"firstName\",\"lastName\",\"email\",\"password\",\"mobileNo\",\"role\",\"createdAt\",\"updatedAt\";","where":"unnamed portal parameter $5 = '...'"},"sql":"INSERT INTO \"users\" (\"id\",\"firstName\",\"lastName\",\"email\",\"password\",\"mobileNo\",\"role\",\"createdAt\",\"updatedAt\") VALUES (DEFAULT,$1,$2,$3,$4,$5,$6,$7,$8) RETURNING \"id\",\"firstName\",\"lastName\",\"email\",\"password\",\"mobileNo\",\"role\",\"createdAt\",\"updatedAt\";","stack":"Error: \n    at Query.run (C:\\Users\\admin\\Desktop\\fundoo_Notes\\newBookStore\\BookStore\\node_modules\\sequelize\\src\\dialects\\postgres\\query.js:76:25)\n    at C:\\Users\\admin\\Desktop\\fundoo_Notes\\newBookStore\\BookStore\\node_modules\\sequelize\\src\\sequelize.js:650:28\n    at processTicksAndRejections (node:internal/process/task_queues:95:5)\n    at PostgresQueryInterface.insert (C:\\Users\\admin\\Desktop\\fundoo_Notes\\newBookStore\\BookStore\\node_modules\\sequelize\\src\\dialects\\abstract\\query-interface.js:795:21)\n    at User.save (C:\\Users\\admin\\Desktop\\fundoo_Notes\\newBookStore\\BookStore\\node_modules\\sequelize\\src\\model.js:4154:35)\n    at Function.create (C:\\Users\\admin\\Desktop\\fundoo_Notes\\newBookStore\\BookStore\\node_modules\\sequelize\\src\\model.js:2305:12)","timestamp":"2024-08-20T11:54:54.158Z"}
error: 
    status - 500 
    message - Error: WHERE parameter "id" has invalid "undefined" value
    at PostgresQueryGenerator.whereItemQuery (C:\Users\admin\Desktop\fundoo_Notes\newBookStore\BookStore\node_modules\sequelize\src\dialects\abstract\query-generator.js:2445:13)
    at C:\Users\admin\Desktop\fundoo_Notes\newBookStore\BookStore\node_modules\sequelize\src\dialects\abstract\query-generator.js:2434:25
    at Array.forEach (<anonymous>)
    at PostgresQueryGenerator.whereItemsQuery (C:\Users\admin\Desktop\fundoo_Notes\newBookStore\BookStore\node_modules\sequelize\src\dialects\abstract\query-generator.js:2432:35)
    at PostgresQueryGenerator.getWhereConditions (C:\Users\admin\Desktop\fundoo_Notes\newBookStore\BookStore\node_modules\sequelize\src\dialects\abstract\query-generator.js:2860:19)
    at PostgresQueryGenerator.selectQuery (C:\Users\admin\Desktop\fundoo_Notes\newBookStore\BookStore\node_modules\sequelize\src\dialects\abstract\query-generator.js:1460:28)
    at PostgresQueryInterface.select (C:\Users\admin\Desktop\fundoo_Notes\newBookStore\BookStore\node_modules\sequelize\src\dialects\abstract\query-interface.js:1002:27)
    at Function.findAll (C:\Users\admin\Desktop\fundoo_Notes\newBookStore\BookStore\node_modules\sequelize\src\model.js:1824:47)
    at processTicksAndRejections (node:internal/process/task_queues:95:5)
    at Function.findOne (C:\Users\admin\Desktop\fundoo_Notes\newBookStore\BookStore\node_modules\sequelize\src\model.js:1998:12) 
    url - /api/v1/order 
    method - POST 
    IP - ::1
   {"timestamp":"2024-08-20T12:02:45.617Z"}
error: 
    status - 500 
    message - Error: WHERE parameter "id" has invalid "undefined" value
    at PostgresQueryGenerator.whereItemQuery (C:\Users\admin\Desktop\fundoo_Notes\newBookStore\BookStore\node_modules\sequelize\src\dialects\abstract\query-generator.js:2445:13)
    at C:\Users\admin\Desktop\fundoo_Notes\newBookStore\BookStore\node_modules\sequelize\src\dialects\abstract\query-generator.js:2434:25
    at Array.forEach (<anonymous>)
    at PostgresQueryGenerator.whereItemsQuery (C:\Users\admin\Desktop\fundoo_Notes\newBookStore\BookStore\node_modules\sequelize\src\dialects\abstract\query-generator.js:2432:35)
    at PostgresQueryGenerator.getWhereConditions (C:\Users\admin\Desktop\fundoo_Notes\newBookStore\BookStore\node_modules\sequelize\src\dialects\abstract\query-generator.js:2860:19)
    at PostgresQueryGenerator.selectQuery (C:\Users\admin\Desktop\fundoo_Notes\newBookStore\BookStore\node_modules\sequelize\src\dialects\abstract\query-generator.js:1460:28)
    at PostgresQueryInterface.select (C:\Users\admin\Desktop\fundoo_Notes\newBookStore\BookStore\node_modules\sequelize\src\dialects\abstract\query-interface.js:1002:27)
    at Function.findAll (C:\Users\admin\Desktop\fundoo_Notes\newBookStore\BookStore\node_modules\sequelize\src\model.js:1824:47)
    at processTicksAndRejections (node:internal/process/task_queues:95:5)
    at Function.findOne (C:\Users\admin\Desktop\fundoo_Notes\newBookStore\BookStore\node_modules\sequelize\src\model.js:1998:12) 
    url - /api/v1/order 
    method - POST 
    IP - ::1
   {"timestamp":"2024-08-20T12:03:14.090Z"}
error: 
    status - 500 
    message - Error: WHERE parameter "id" has invalid "undefined" value
    at PostgresQueryGenerator.whereItemQuery (C:\Users\admin\Desktop\fundoo_Notes\newBookStore\BookStore\node_modules\sequelize\src\dialects\abstract\query-generator.js:2445:13)
    at C:\Users\admin\Desktop\fundoo_Notes\newBookStore\BookStore\node_modules\sequelize\src\dialects\abstract\query-generator.js:2434:25
    at Array.forEach (<anonymous>)
    at PostgresQueryGenerator.whereItemsQuery (C:\Users\admin\Desktop\fundoo_Notes\newBookStore\BookStore\node_modules\sequelize\src\dialects\abstract\query-generator.js:2432:35)
    at PostgresQueryGenerator.getWhereConditions (C:\Users\admin\Desktop\fundoo_Notes\newBookStore\BookStore\node_modules\sequelize\src\dialects\abstract\query-generator.js:2860:19)
    at PostgresQueryGenerator.selectQuery (C:\Users\admin\Desktop\fundoo_Notes\newBookStore\BookStore\node_modules\sequelize\src\dialects\abstract\query-generator.js:1460:28)
    at PostgresQueryInterface.select (C:\Users\admin\Desktop\fundoo_Notes\newBookStore\BookStore\node_modules\sequelize\src\dialects\abstract\query-interface.js:1002:27)
    at Function.findAll (C:\Users\admin\Desktop\fundoo_Notes\newBookStore\BookStore\node_modules\sequelize\src\model.js:1824:47)
    at processTicksAndRejections (node:internal/process/task_queues:95:5)
    at Function.findOne (C:\Users\admin\Desktop\fundoo_Notes\newBookStore\BookStore\node_modules\sequelize\src\model.js:1998:12) 
    url - /api/v1/order 
    method - POST 
    IP - ::1
   {"timestamp":"2024-08-20T12:03:57.839Z"}
error: 
    status - 500 
    message - Error: WHERE parameter "id" has invalid "undefined" value
    at PostgresQueryGenerator.whereItemQuery (C:\Users\admin\Desktop\fundoo_Notes\newBookStore\BookStore\node_modules\sequelize\src\dialects\abstract\query-generator.js:2445:13)
    at C:\Users\admin\Desktop\fundoo_Notes\newBookStore\BookStore\node_modules\sequelize\src\dialects\abstract\query-generator.js:2434:25
    at Array.forEach (<anonymous>)
    at PostgresQueryGenerator.whereItemsQuery (C:\Users\admin\Desktop\fundoo_Notes\newBookStore\BookStore\node_modules\sequelize\src\dialects\abstract\query-generator.js:2432:35)
    at PostgresQueryGenerator.getWhereConditions (C:\Users\admin\Desktop\fundoo_Notes\newBookStore\BookStore\node_modules\sequelize\src\dialects\abstract\query-generator.js:2860:19)
    at PostgresQueryGenerator.selectQuery (C:\Users\admin\Desktop\fundoo_Notes\newBookStore\BookStore\node_modules\sequelize\src\dialects\abstract\query-generator.js:1460:28)
    at PostgresQueryInterface.select (C:\Users\admin\Desktop\fundoo_Notes\newBookStore\BookStore\node_modules\sequelize\src\dialects\abstract\query-interface.js:1002:27)
    at Function.findAll (C:\Users\admin\Desktop\fundoo_Notes\newBookStore\BookStore\node_modules\sequelize\src\model.js:1824:47)
    at processTicksAndRejections (node:internal/process/task_queues:95:5)
    at Function.findOne (C:\Users\admin\Desktop\fundoo_Notes\newBookStore\BookStore\node_modules\sequelize\src\model.js:1998:12) 
    url - /api/v1/order 
    method - POST 
    IP - ::1
   {"timestamp":"2024-08-20T12:04:04.434Z"}
error: 
    status - 500 
    message - Error: WHERE parameter "id" has invalid "undefined" value
    at PostgresQueryGenerator.whereItemQuery (C:\Users\admin\Desktop\fundoo_Notes\newBookStore\BookStore\node_modules\sequelize\src\dialects\abstract\query-generator.js:2445:13)
    at C:\Users\admin\Desktop\fundoo_Notes\newBookStore\BookStore\node_modules\sequelize\src\dialects\abstract\query-generator.js:2434:25
    at Array.forEach (<anonymous>)
    at PostgresQueryGenerator.whereItemsQuery (C:\Users\admin\Desktop\fundoo_Notes\newBookStore\BookStore\node_modules\sequelize\src\dialects\abstract\query-generator.js:2432:35)
    at PostgresQueryGenerator.getWhereConditions (C:\Users\admin\Desktop\fundoo_Notes\newBookStore\BookStore\node_modules\sequelize\src\dialects\abstract\query-generator.js:2860:19)
    at PostgresQueryGenerator.selectQuery (C:\Users\admin\Desktop\fundoo_Notes\newBookStore\BookStore\node_modules\sequelize\src\dialects\abstract\query-generator.js:1460:28)
    at PostgresQueryInterface.select (C:\Users\admin\Desktop\fundoo_Notes\newBookStore\BookStore\node_modules\sequelize\src\dialects\abstract\query-interface.js:1002:27)
    at Function.findAll (C:\Users\admin\Desktop\fundoo_Notes\newBookStore\BookStore\node_modules\sequelize\src\model.js:1824:47)
    at processTicksAndRejections (node:internal/process/task_queues:95:5)
    at Function.findOne (C:\Users\admin\Desktop\fundoo_Notes\newBookStore\BookStore\node_modules\sequelize\src\model.js:1998:12) 
    url - /api/v1/order 
    method - POST 
    IP - ::1
   {"timestamp":"2024-08-20T12:05:41.893Z"}
error: 
    status - 500 
    message - TypeError: Cannot read properties of null (reading 'quantity')
    at CartService.<anonymous> (C:\Users\admin\Desktop\fundoo_Notes\newBookStore\BookStore\src\services\order.service.ts:34:18)
    at Generator.next (<anonymous>)
    at fulfilled (C:\Users\admin\Desktop\fundoo_Notes\newBookStore\BookStore\src\services\order.service.ts:28:58)
    at processTicksAndRejections (node:internal/process/task_queues:95:5) 
    url - /api/v1/order 
    method - POST 
    IP - ::1
   {"timestamp":"2024-08-20T12:12:48.573Z"}
error: 
    status - 500 
    message - TypeError: Cannot read properties of null (reading 'quantity')
    at CartService.<anonymous> (C:\Users\admin\Desktop\fundoo_Notes\newBookStore\BookStore\src\services\order.service.ts:34:18)
    at Generator.next (<anonymous>)
    at fulfilled (C:\Users\admin\Desktop\fundoo_Notes\newBookStore\BookStore\src\services\order.service.ts:28:58)
    at processTicksAndRejections (node:internal/process/task_queues:95:5) 
    url - /api/v1/order 
    method - POST 
    IP - ::1
   {"timestamp":"2024-08-20T12:13:14.917Z"}
error: 
    status - 500 
    message - TypeError: Cannot read properties of null (reading 'quantity')
    at CartService.<anonymous> (C:\Users\admin\Desktop\fundoo_Notes\newBookStore\BookStore\src\services\order.service.ts:34:18)
    at Generator.next (<anonymous>)
    at fulfilled (C:\Users\admin\Desktop\fundoo_Notes\newBookStore\BookStore\src\services\order.service.ts:28:58)
    at processTicksAndRejections (node:internal/process/task_queues:95:5) 
    url - /api/v1/order/ 
    method - POST 
    IP - ::1
   {"timestamp":"2024-08-20T12:13:57.034Z"}
error: 
    status - 500 
    message - TypeError: Cannot read properties of null (reading 'quantity')
    at CartService.<anonymous> (C:\Users\admin\Desktop\fundoo_Notes\newBookStore\BookStore\src\services\order.service.ts:34:18)
    at Generator.next (<anonymous>)
    at fulfilled (C:\Users\admin\Desktop\fundoo_Notes\newBookStore\BookStore\src\services\order.service.ts:28:58)
    at processTicksAndRejections (node:internal/process/task_queues:95:5) 
    url - /api/v1/order/ 
    method - POST 
    IP - ::1
   {"timestamp":"2024-08-20T12:14:36.703Z"}
error: 
    status - 500 
    message - TypeError: Cannot read properties of null (reading 'quantity')
    at CartService.<anonymous> (C:\Users\admin\Desktop\fundoo_Notes\newBookStore\BookStore\src\services\order.service.ts:34:18)
    at Generator.next (<anonymous>)
    at fulfilled (C:\Users\admin\Desktop\fundoo_Notes\newBookStore\BookStore\src\services\order.service.ts:28:58)
    at processTicksAndRejections (node:internal/process/task_queues:95:5) 
    url - /api/v1/order/ 
    method - POST 
    IP - ::1
   {"timestamp":"2024-08-20T12:15:00.489Z"}
error: 
    status - 500 
    message - TypeError: Cannot read properties of null (reading 'quantity')
    at CartService.<anonymous> (C:\Users\admin\Desktop\fundoo_Notes\newBookStore\BookStore\src\services\order.service.ts:34:18)
    at Generator.next (<anonymous>)
    at fulfilled (C:\Users\admin\Desktop\fundoo_Notes\newBookStore\BookStore\src\services\order.service.ts:28:58)
    at processTicksAndRejections (node:internal/process/task_queues:95:5) 
    url - /api/v1/order/ 
    method - POST 
    IP - ::1
   {"timestamp":"2024-08-20T12:15:48.253Z"}
error: 
    status - 500 
    message - TypeError: Cannot read properties of null (reading 'quantity')
    at CartService.<anonymous> (C:\Users\admin\Desktop\fundoo_Notes\newBookStore\BookStore\src\services\order.service.ts:34:18)
    at Generator.next (<anonymous>)
    at fulfilled (C:\Users\admin\Desktop\fundoo_Notes\newBookStore\BookStore\src\services\order.service.ts:28:58)
    at processTicksAndRejections (node:internal/process/task_queues:95:5) 
    url - /api/v1/order 
    method - POST 
    IP - ::1
   {"timestamp":"2024-08-20T12:18:00.207Z"}
error: 
    status - 500 
    message - TypeError: Cannot read properties of null (reading 'quantity')
    at CartService.<anonymous> (C:\Users\admin\Desktop\fundoo_Notes\newBookStore\BookStore\src\services\order.service.ts:34:18)
    at Generator.next (<anonymous>)
    at fulfilled (C:\Users\admin\Desktop\fundoo_Notes\newBookStore\BookStore\src\services\order.service.ts:28:58)
    at processTicksAndRejections (node:internal/process/task_queues:95:5) 
    url - /api/v1/order/ 
    method - POST 
    IP - ::1
   {"timestamp":"2024-08-20T12:18:05.129Z"}
error: 
    status - 500 
    message - TypeError: Cannot read properties of null (reading 'quantity')
    at CartService.<anonymous> (C:\Users\admin\Desktop\fundoo_Notes\newBookStore\BookStore\src\services\order.service.ts:34:18)
    at Generator.next (<anonymous>)
    at fulfilled (C:\Users\admin\Desktop\fundoo_Notes\newBookStore\BookStore\src\services\order.service.ts:28:58)
    at processTicksAndRejections (node:internal/process/task_queues:95:5) 
    url - /api/v1/order/ 
    method - POST 
    IP - ::1
   {"timestamp":"2024-08-20T12:19:31.242Z"}
error: 
    status - 500 
    message - TypeError: Cannot read properties of null (reading 'quantity')
    at CartService.<anonymous> (C:\Users\admin\Desktop\fundoo_Notes\newBookStore\BookStore\src\services\order.service.ts:34:18)
    at Generator.next (<anonymous>)
    at fulfilled (C:\Users\admin\Desktop\fundoo_Notes\newBookStore\BookStore\src\services\order.service.ts:28:58)
    at processTicksAndRejections (node:internal/process/task_queues:95:5) 
    url - /api/v1/order 
    method - POST 
    IP - ::1
   {"timestamp":"2024-08-20T12:19:40.531Z"}
error: 
    status - 500 
    message - TypeError: Cannot read properties of null (reading 'quantity')
    at CartService.<anonymous> (C:\Users\admin\Desktop\fundoo_Notes\newBookStore\BookStore\src\services\order.service.ts:34:18)
    at Generator.next (<anonymous>)
    at fulfilled (C:\Users\admin\Desktop\fundoo_Notes\newBookStore\BookStore\src\services\order.service.ts:28:58)
    at processTicksAndRejections (node:internal/process/task_queues:95:5) 
    url - /api/v1/order/ 
    method - POST 
    IP - ::1
   {"timestamp":"2024-08-20T12:19:46.846Z"}
error: 
    status - 500 
    message - TypeError: Cannot read properties of null (reading 'quantity')
    at CartService.<anonymous> (C:\Users\admin\Desktop\fundoo_Notes\newBookStore\BookStore\src\services\order.service.ts:34:18)
    at Generator.next (<anonymous>)
    at fulfilled (C:\Users\admin\Desktop\fundoo_Notes\newBookStore\BookStore\src\services\order.service.ts:28:58)
    at processTicksAndRejections (node:internal/process/task_queues:95:5) 
    url - /api/v1/order 
    method - POST 
    IP - ::1
   {"timestamp":"2024-08-20T12:20:35.300Z"}
error: 
    status - 500 
    message - TypeError: Cannot read properties of null (reading 'quantity')
    at CartService.<anonymous> (C:\Users\admin\Desktop\fundoo_Notes\newBookStore\BookStore\src\services\order.service.ts:34:18)
    at Generator.next (<anonymous>)
    at fulfilled (C:\Users\admin\Desktop\fundoo_Notes\newBookStore\BookStore\src\services\order.service.ts:28:58)
    at processTicksAndRejections (node:internal/process/task_queues:95:5) 
    url - /api/v1/order 
    method - POST 
    IP - ::1
   {"timestamp":"2024-08-20T12:21:28.664Z"}
error: 
    status - 500 
    message - TypeError: Cannot read properties of null (reading 'quantity')
    at CartService.<anonymous> (C:\Users\admin\Desktop\fundoo_Notes\newBookStore\BookStore\src\services\order.service.ts:34:18)
    at Generator.next (<anonymous>)
    at fulfilled (C:\Users\admin\Desktop\fundoo_Notes\newBookStore\BookStore\src\services\order.service.ts:28:58)
    at processTicksAndRejections (node:internal/process/task_queues:95:5) 
    url - /api/v1/order 
    method - POST 
    IP - ::1
   {"timestamp":"2024-08-20T12:23:00.711Z"}
error: 
    status - 500 
    message - TypeError: Cannot read properties of null (reading 'quantity')
    at CartService.<anonymous> (C:\Users\admin\Desktop\fundoo_Notes\newBookStore\BookStore\src\services\order.service.ts:34:18)
    at Generator.next (<anonymous>)
    at fulfilled (C:\Users\admin\Desktop\fundoo_Notes\newBookStore\BookStore\src\services\order.service.ts:28:58)
    at processTicksAndRejections (node:internal/process/task_queues:95:5) 
    url - /api/v1/order 
    method - POST 
    IP - ::1
   {"timestamp":"2024-08-20T12:23:42.332Z"}
error: 
    status - 500 
    message - TypeError: Cannot read properties of null (reading 'quantity')
    at CartService.<anonymous> (C:\Users\admin\Desktop\fundoo_Notes\newBookStore\BookStore\src\services\order.service.ts:34:18)
    at Generator.next (<anonymous>)
    at fulfilled (C:\Users\admin\Desktop\fundoo_Notes\newBookStore\BookStore\src\services\order.service.ts:28:58)
    at processTicksAndRejections (node:internal/process/task_queues:95:5) 
    url - /api/v1/order 
    method - POST 
    IP - ::1
   {"timestamp":"2024-08-20T12:25:40.531Z"}
error: 
    status - 500 
    message - TypeError: Cannot read properties of null (reading 'quantity')
    at CartService.<anonymous> (C:\Users\admin\Desktop\fundoo_Notes\newBookStore\BookStore\src\services\order.service.ts:34:18)
    at Generator.next (<anonymous>)
    at fulfilled (C:\Users\admin\Desktop\fundoo_Notes\newBookStore\BookStore\src\services\order.service.ts:28:58)
    at processTicksAndRejections (node:internal/process/task_queues:95:5) 
    url - /api/v1/order 
    method - POST 
    IP - ::1
   {"timestamp":"2024-08-20T12:26:39.391Z"}
error: 
    status - 500 
    message - TypeError: Cannot read properties of null (reading 'quantity')
    at CartService.<anonymous> (C:\Users\admin\Desktop\fundoo_Notes\newBookStore\BookStore\src\services\order.service.ts:35:18)
    at Generator.next (<anonymous>)
    at fulfilled (C:\Users\admin\Desktop\fundoo_Notes\newBookStore\BookStore\src\services\order.service.ts:28:58)
    at processTicksAndRejections (node:internal/process/task_queues:95:5) 
    url - /api/v1/order 
    method - POST 
    IP - ::1
   {"timestamp":"2024-08-20T12:27:43.772Z"}
error: 
    status - 500 
    message - TypeError: Cannot read properties of null (reading 'quantity')
    at CartService.<anonymous> (C:\Users\admin\Desktop\fundoo_Notes\newBookStore\BookStore\src\services\order.service.ts:36:18)
    at Generator.next (<anonymous>)
    at fulfilled (C:\Users\admin\Desktop\fundoo_Notes\newBookStore\BookStore\src\services\order.service.ts:28:58)
    at processTicksAndRejections (node:internal/process/task_queues:95:5) 
    url - /api/v1/order 
    method - POST 
    IP - ::1
   {"timestamp":"2024-08-20T12:28:37.076Z"}
error: uncaughtException: Cannot find module '../controllers/book.controller'
Require stack:
- C:\Users\admin\Desktop\fundoo_Notes\newBookStore\BookStore\src\routes\book.route.ts
- C:\Users\admin\Desktop\fundoo_Notes\newBookStore\BookStore\src\routes\index.ts
- C:\Users\admin\Desktop\fundoo_Notes\newBookStore\BookStore\src\index.ts
Error: Cannot find module '../controllers/book.controller'
Require stack:
- C:\Users\admin\Desktop\fundoo_Notes\newBookStore\BookStore\src\routes\book.route.ts
- C:\Users\admin\Desktop\fundoo_Notes\newBookStore\BookStore\src\routes\index.ts
- C:\Users\admin\Desktop\fundoo_Notes\newBookStore\BookStore\src\index.ts
    at Function.Module._resolveFilename (node:internal/modules/cjs/loader:1145:15)
    at Function.Module._load (node:internal/modules/cjs/loader:986:27)
    at Module.require (node:internal/modules/cjs/loader:1233:19)
    at require (node:internal/modules/helpers:179:18)
    at Object.<anonymous> (C:\Users\admin\Desktop\fundoo_Notes\newBookStore\BookStore\src\routes\book.route.ts:2:1)
    at Module._compile (node:internal/modules/cjs/loader:1358:14)
    at Module._compile (C:\Users\admin\Desktop\fundoo_Notes\newBookStore\BookStore\node_modules\source-map-support\source-map-support.js:568:25)
    at Module.m._compile (C:\Users\admin\AppData\Local\Temp\ts-node-dev-hook-11154932867488654.js:69:33)
    at Module._extensions..js (node:internal/modules/cjs/loader:1416:10)
    at require.extensions..jsx.require.extensions..js (C:\Users\admin\AppData\Local\Temp\ts-node-dev-hook-11154932867488654.js:114:20) {"date":"Wed Aug 21 2024 12:08:15 GMT+0530 (India Standard Time)","error":{"code":"MODULE_NOT_FOUND","requireStack":["C:\\Users\\admin\\Desktop\\fundoo_Notes\\newBookStore\\BookStore\\src\\routes\\book.route.ts","C:\\Users\\admin\\Desktop\\fundoo_Notes\\newBookStore\\BookStore\\src\\routes\\index.ts","C:\\Users\\admin\\Desktop\\fundoo_Notes\\newBookStore\\BookStore\\src\\index.ts"]},"exception":true,"os":{"loadavg":[0,0,0],"uptime":351240.453},"process":{"argv":["C:\\Program Files\\nodejs\\node.exe","./src/index.ts"],"cwd":"C:\\Users\\admin\\Desktop\\fundoo_Notes\\newBookStore\\BookStore","execPath":"C:\\Program Files\\nodejs\\node.exe","gid":null,"memoryUsage":{"arrayBuffers":144739,"external":2293698,"heapTotal":54685696,"heapUsed":25370824,"rss":72937472},"pid":5724,"uid":null,"version":"v20.14.0"},"stack":"Error: Cannot find module '../controllers/book.controller'\nRequire stack:\n- C:\\Users\\admin\\Desktop\\fundoo_Notes\\newBookStore\\BookStore\\src\\routes\\book.route.ts\n- C:\\Users\\admin\\Desktop\\fundoo_Notes\\newBookStore\\BookStore\\src\\routes\\index.ts\n- C:\\Users\\admin\\Desktop\\fundoo_Notes\\newBookStore\\BookStore\\src\\index.ts\n    at Function.Module._resolveFilename (node:internal/modules/cjs/loader:1145:15)\n    at Function.Module._load (node:internal/modules/cjs/loader:986:27)\n    at Module.require (node:internal/modules/cjs/loader:1233:19)\n    at require (node:internal/modules/helpers:179:18)\n    at Object.<anonymous> (C:\\Users\\admin\\Desktop\\fundoo_Notes\\newBookStore\\BookStore\\src\\routes\\book.route.ts:2:1)\n    at Module._compile (node:internal/modules/cjs/loader:1358:14)\n    at Module._compile (C:\\Users\\admin\\Desktop\\fundoo_Notes\\newBookStore\\BookStore\\node_modules\\source-map-support\\source-map-support.js:568:25)\n    at Module.m._compile (C:\\Users\\admin\\AppData\\Local\\Temp\\ts-node-dev-hook-11154932867488654.js:69:33)\n    at Module._extensions..js (node:internal/modules/cjs/loader:1416:10)\n    at require.extensions..jsx.require.extensions..js (C:\\Users\\admin\\AppData\\Local\\Temp\\ts-node-dev-hook-11154932867488654.js:114:20)","timestamp":"2024-08-21T06:38:15.841Z","trace":[{"column":15,"file":"node:internal/modules/cjs/loader","function":"Module._resolveFilename","line":1145,"method":"_resolveFilename","native":false},{"column":27,"file":"node:internal/modules/cjs/loader","function":"Module._load","line":986,"method":"_load","native":false},{"column":19,"file":"node:internal/modules/cjs/loader","function":"Module.require","line":1233,"method":"require","native":false},{"column":18,"file":"node:internal/modules/helpers","function":"require","line":179,"method":null,"native":false},{"column":1,"file":"C:\\Users\\admin\\Desktop\\fundoo_Notes\\newBookStore\\BookStore\\src\\routes\\book.route.ts","function":null,"line":2,"method":null,"native":false},{"column":14,"file":"node:internal/modules/cjs/loader","function":"Module._compile","line":1358,"method":"_compile","native":false},{"column":25,"file":"C:\\Users\\admin\\Desktop\\fundoo_Notes\\newBookStore\\BookStore\\node_modules\\source-map-support\\source-map-support.js","function":"Module._compile","line":568,"method":"_compile","native":false},{"column":33,"file":"C:\\Users\\admin\\AppData\\Local\\Temp\\ts-node-dev-hook-11154932867488654.js","function":"Module.m._compile","line":69,"method":"_compile","native":false},{"column":10,"file":"node:internal/modules/cjs/loader","function":"Module._extensions..js","line":1416,"method":".js","native":false},{"column":20,"file":"C:\\Users\\admin\\AppData\\Local\\Temp\\ts-node-dev-hook-11154932867488654.js","function":"require.extensions..jsx.require.extensions..js","line":114,"method":".js","native":false}]}
error: uncaughtException: Cannot find module '../controllers/book.controller'
Require stack:
- C:\Users\admin\Desktop\fundoo_Notes\newBookStore\BookStore\src\routes\book.route.ts
- C:\Users\admin\Desktop\fundoo_Notes\newBookStore\BookStore\src\routes\index.ts
- C:\Users\admin\Desktop\fundoo_Notes\newBookStore\BookStore\src\index.ts
Error: Cannot find module '../controllers/book.controller'
Require stack:
- C:\Users\admin\Desktop\fundoo_Notes\newBookStore\BookStore\src\routes\book.route.ts
- C:\Users\admin\Desktop\fundoo_Notes\newBookStore\BookStore\src\routes\index.ts
- C:\Users\admin\Desktop\fundoo_Notes\newBookStore\BookStore\src\index.ts
    at Function.Module._resolveFilename (node:internal/modules/cjs/loader:1145:15)
    at Function.Module._load (node:internal/modules/cjs/loader:986:27)
    at Module.require (node:internal/modules/cjs/loader:1233:19)
    at require (node:internal/modules/helpers:179:18)
    at Object.<anonymous> (C:\Users\admin\Desktop\fundoo_Notes\newBookStore\BookStore\src\routes\book.route.ts:2:1)
    at Module._compile (node:internal/modules/cjs/loader:1358:14)
    at Module._compile (C:\Users\admin\Desktop\fundoo_Notes\newBookStore\BookStore\node_modules\source-map-support\source-map-support.js:568:25)
    at Module.m._compile (C:\Users\admin\AppData\Local\Temp\ts-node-dev-hook-11154932867488654.js:69:33)
    at Module._extensions..js (node:internal/modules/cjs/loader:1416:10)
    at require.extensions..jsx.require.extensions..js (C:\Users\admin\AppData\Local\Temp\ts-node-dev-hook-11154932867488654.js:114:20) {"date":"Wed Aug 21 2024 12:08:23 GMT+0530 (India Standard Time)","error":{"code":"MODULE_NOT_FOUND","requireStack":["C:\\Users\\admin\\Desktop\\fundoo_Notes\\newBookStore\\BookStore\\src\\routes\\book.route.ts","C:\\Users\\admin\\Desktop\\fundoo_Notes\\newBookStore\\BookStore\\src\\routes\\index.ts","C:\\Users\\admin\\Desktop\\fundoo_Notes\\newBookStore\\BookStore\\src\\index.ts"]},"exception":true,"os":{"loadavg":[0,0,0],"uptime":351248.39},"process":{"argv":["C:\\Program Files\\nodejs\\node.exe","./src/index.ts"],"cwd":"C:\\Users\\admin\\Desktop\\fundoo_Notes\\newBookStore\\BookStore","execPath":"C:\\Program Files\\nodejs\\node.exe","gid":null,"memoryUsage":{"arrayBuffers":144739,"external":2293698,"heapTotal":53637120,"heapUsed":23754072,"rss":70205440},"pid":17232,"uid":null,"version":"v20.14.0"},"stack":"Error: Cannot find module '../controllers/book.controller'\nRequire stack:\n- C:\\Users\\admin\\Desktop\\fundoo_Notes\\newBookStore\\BookStore\\src\\routes\\book.route.ts\n- C:\\Users\\admin\\Desktop\\fundoo_Notes\\newBookStore\\BookStore\\src\\routes\\index.ts\n- C:\\Users\\admin\\Desktop\\fundoo_Notes\\newBookStore\\BookStore\\src\\index.ts\n    at Function.Module._resolveFilename (node:internal/modules/cjs/loader:1145:15)\n    at Function.Module._load (node:internal/modules/cjs/loader:986:27)\n    at Module.require (node:internal/modules/cjs/loader:1233:19)\n    at require (node:internal/modules/helpers:179:18)\n    at Object.<anonymous> (C:\\Users\\admin\\Desktop\\fundoo_Notes\\newBookStore\\BookStore\\src\\routes\\book.route.ts:2:1)\n    at Module._compile (node:internal/modules/cjs/loader:1358:14)\n    at Module._compile (C:\\Users\\admin\\Desktop\\fundoo_Notes\\newBookStore\\BookStore\\node_modules\\source-map-support\\source-map-support.js:568:25)\n    at Module.m._compile (C:\\Users\\admin\\AppData\\Local\\Temp\\ts-node-dev-hook-11154932867488654.js:69:33)\n    at Module._extensions..js (node:internal/modules/cjs/loader:1416:10)\n    at require.extensions..jsx.require.extensions..js (C:\\Users\\admin\\AppData\\Local\\Temp\\ts-node-dev-hook-11154932867488654.js:114:20)","timestamp":"2024-08-21T06:38:23.768Z","trace":[{"column":15,"file":"node:internal/modules/cjs/loader","function":"Module._resolveFilename","line":1145,"method":"_resolveFilename","native":false},{"column":27,"file":"node:internal/modules/cjs/loader","function":"Module._load","line":986,"method":"_load","native":false},{"column":19,"file":"node:internal/modules/cjs/loader","function":"Module.require","line":1233,"method":"require","native":false},{"column":18,"file":"node:internal/modules/helpers","function":"require","line":179,"method":null,"native":false},{"column":1,"file":"C:\\Users\\admin\\Desktop\\fundoo_Notes\\newBookStore\\BookStore\\src\\routes\\book.route.ts","function":null,"line":2,"method":null,"native":false},{"column":14,"file":"node:internal/modules/cjs/loader","function":"Module._compile","line":1358,"method":"_compile","native":false},{"column":25,"file":"C:\\Users\\admin\\Desktop\\fundoo_Notes\\newBookStore\\BookStore\\node_modules\\source-map-support\\source-map-support.js","function":"Module._compile","line":568,"method":"_compile","native":false},{"column":33,"file":"C:\\Users\\admin\\AppData\\Local\\Temp\\ts-node-dev-hook-11154932867488654.js","function":"Module.m._compile","line":69,"method":"_compile","native":false},{"column":10,"file":"node:internal/modules/cjs/loader","function":"Module._extensions..js","line":1416,"method":".js","native":false},{"column":20,"file":"C:\\Users\\admin\\AppData\\Local\\Temp\\ts-node-dev-hook-11154932867488654.js","function":"require.extensions..jsx.require.extensions..js","line":114,"method":".js","native":false}]}
error: uncaughtException: Cannot find module '../controllers/book.controller'
Require stack:
- C:\Users\admin\Desktop\fundoo_Notes\newBookStore\BookStore\src\routes\book.route.ts
- C:\Users\admin\Desktop\fundoo_Notes\newBookStore\BookStore\src\routes\index.ts
- C:\Users\admin\Desktop\fundoo_Notes\newBookStore\BookStore\src\index.ts
Error: Cannot find module '../controllers/book.controller'
Require stack:
- C:\Users\admin\Desktop\fundoo_Notes\newBookStore\BookStore\src\routes\book.route.ts
- C:\Users\admin\Desktop\fundoo_Notes\newBookStore\BookStore\src\routes\index.ts
- C:\Users\admin\Desktop\fundoo_Notes\newBookStore\BookStore\src\index.ts
    at Function.Module._resolveFilename (node:internal/modules/cjs/loader:1145:15)
    at Function.Module._load (node:internal/modules/cjs/loader:986:27)
    at Module.require (node:internal/modules/cjs/loader:1233:19)
    at require (node:internal/modules/helpers:179:18)
    at Object.<anonymous> (C:\Users\admin\Desktop\fundoo_Notes\newBookStore\BookStore\src\routes\book.route.ts:2:1)
    at Module._compile (node:internal/modules/cjs/loader:1358:14)
    at Module._compile (C:\Users\admin\Desktop\fundoo_Notes\newBookStore\BookStore\node_modules\source-map-support\source-map-support.js:568:25)
    at Module.m._compile (C:\Users\admin\AppData\Local\Temp\ts-node-dev-hook-11154932867488654.js:69:33)
    at Module._extensions..js (node:internal/modules/cjs/loader:1416:10)
    at require.extensions..jsx.require.extensions..js (C:\Users\admin\AppData\Local\Temp\ts-node-dev-hook-11154932867488654.js:114:20) {"date":"Wed Aug 21 2024 12:09:04 GMT+0530 (India Standard Time)","error":{"code":"MODULE_NOT_FOUND","requireStack":["C:\\Users\\admin\\Desktop\\fundoo_Notes\\newBookStore\\BookStore\\src\\routes\\book.route.ts","C:\\Users\\admin\\Desktop\\fundoo_Notes\\newBookStore\\BookStore\\src\\routes\\index.ts","C:\\Users\\admin\\Desktop\\fundoo_Notes\\newBookStore\\BookStore\\src\\index.ts"]},"exception":true,"os":{"loadavg":[0,0,0],"uptime":351289.296},"process":{"argv":["C:\\Program Files\\nodejs\\node.exe","./src/index.ts"],"cwd":"C:\\Users\\admin\\Desktop\\fundoo_Notes\\newBookStore\\BookStore","execPath":"C:\\Program Files\\nodejs\\node.exe","gid":null,"memoryUsage":{"arrayBuffers":144739,"external":2293698,"heapTotal":53899264,"heapUsed":23834968,"rss":71901184},"pid":13876,"uid":null,"version":"v20.14.0"},"stack":"Error: Cannot find module '../controllers/book.controller'\nRequire stack:\n- C:\\Users\\admin\\Desktop\\fundoo_Notes\\newBookStore\\BookStore\\src\\routes\\book.route.ts\n- C:\\Users\\admin\\Desktop\\fundoo_Notes\\newBookStore\\BookStore\\src\\routes\\index.ts\n- C:\\Users\\admin\\Desktop\\fundoo_Notes\\newBookStore\\BookStore\\src\\index.ts\n    at Function.Module._resolveFilename (node:internal/modules/cjs/loader:1145:15)\n    at Function.Module._load (node:internal/modules/cjs/loader:986:27)\n    at Module.require (node:internal/modules/cjs/loader:1233:19)\n    at require (node:internal/modules/helpers:179:18)\n    at Object.<anonymous> (C:\\Users\\admin\\Desktop\\fundoo_Notes\\newBookStore\\BookStore\\src\\routes\\book.route.ts:2:1)\n    at Module._compile (node:internal/modules/cjs/loader:1358:14)\n    at Module._compile (C:\\Users\\admin\\Desktop\\fundoo_Notes\\newBookStore\\BookStore\\node_modules\\source-map-support\\source-map-support.js:568:25)\n    at Module.m._compile (C:\\Users\\admin\\AppData\\Local\\Temp\\ts-node-dev-hook-11154932867488654.js:69:33)\n    at Module._extensions..js (node:internal/modules/cjs/loader:1416:10)\n    at require.extensions..jsx.require.extensions..js (C:\\Users\\admin\\AppData\\Local\\Temp\\ts-node-dev-hook-11154932867488654.js:114:20)","timestamp":"2024-08-21T06:39:04.672Z","trace":[{"column":15,"file":"node:internal/modules/cjs/loader","function":"Module._resolveFilename","line":1145,"method":"_resolveFilename","native":false},{"column":27,"file":"node:internal/modules/cjs/loader","function":"Module._load","line":986,"method":"_load","native":false},{"column":19,"file":"node:internal/modules/cjs/loader","function":"Module.require","line":1233,"method":"require","native":false},{"column":18,"file":"node:internal/modules/helpers","function":"require","line":179,"method":null,"native":false},{"column":1,"file":"C:\\Users\\admin\\Desktop\\fundoo_Notes\\newBookStore\\BookStore\\src\\routes\\book.route.ts","function":null,"line":2,"method":null,"native":false},{"column":14,"file":"node:internal/modules/cjs/loader","function":"Module._compile","line":1358,"method":"_compile","native":false},{"column":25,"file":"C:\\Users\\admin\\Desktop\\fundoo_Notes\\newBookStore\\BookStore\\node_modules\\source-map-support\\source-map-support.js","function":"Module._compile","line":568,"method":"_compile","native":false},{"column":33,"file":"C:\\Users\\admin\\AppData\\Local\\Temp\\ts-node-dev-hook-11154932867488654.js","function":"Module.m._compile","line":69,"method":"_compile","native":false},{"column":10,"file":"node:internal/modules/cjs/loader","function":"Module._extensions..js","line":1416,"method":".js","native":false},{"column":20,"file":"C:\\Users\\admin\\AppData\\Local\\Temp\\ts-node-dev-hook-11154932867488654.js","function":"require.extensions..jsx.require.extensions..js","line":114,"method":".js","native":false}]}
error: uncaughtException: Cannot find module '../controllers/cart.controller'
Require stack:
- C:\Users\admin\Desktop\fundoo_Notes\newBookStore\BookStore\src\routes\cart.route.ts
- C:\Users\admin\Desktop\fundoo_Notes\newBookStore\BookStore\src\routes\index.ts
- C:\Users\admin\Desktop\fundoo_Notes\newBookStore\BookStore\src\index.ts
Error: Cannot find module '../controllers/cart.controller'
Require stack:
- C:\Users\admin\Desktop\fundoo_Notes\newBookStore\BookStore\src\routes\cart.route.ts
- C:\Users\admin\Desktop\fundoo_Notes\newBookStore\BookStore\src\routes\index.ts
- C:\Users\admin\Desktop\fundoo_Notes\newBookStore\BookStore\src\index.ts
    at Function.Module._resolveFilename (node:internal/modules/cjs/loader:1145:15)
    at Function.Module._load (node:internal/modules/cjs/loader:986:27)
    at Module.require (node:internal/modules/cjs/loader:1233:19)
    at require (node:internal/modules/helpers:179:18)
    at Object.<anonymous> (C:\Users\admin\Desktop\fundoo_Notes\newBookStore\BookStore\src\routes\cart.route.ts:2:1)
    at Module._compile (node:internal/modules/cjs/loader:1358:14)
    at Module._compile (C:\Users\admin\Desktop\fundoo_Notes\newBookStore\BookStore\node_modules\source-map-support\source-map-support.js:568:25)
    at Module.m._compile (C:\Users\admin\AppData\Local\Temp\ts-node-dev-hook-11154932867488654.js:69:33)
    at Module._extensions..js (node:internal/modules/cjs/loader:1416:10)
    at require.extensions..jsx.require.extensions..js (C:\Users\admin\AppData\Local\Temp\ts-node-dev-hook-11154932867488654.js:114:20) {"date":"Wed Aug 21 2024 12:09:54 GMT+0530 (India Standard Time)","error":{"code":"MODULE_NOT_FOUND","requireStack":["C:\\Users\\admin\\Desktop\\fundoo_Notes\\newBookStore\\BookStore\\src\\routes\\cart.route.ts","C:\\Users\\admin\\Desktop\\fundoo_Notes\\newBookStore\\BookStore\\src\\routes\\index.ts","C:\\Users\\admin\\Desktop\\fundoo_Notes\\newBookStore\\BookStore\\src\\index.ts"]},"exception":true,"os":{"loadavg":[0,0,0],"uptime":351338.984},"process":{"argv":["C:\\Program Files\\nodejs\\node.exe","./src/index.ts"],"cwd":"C:\\Users\\admin\\Desktop\\fundoo_Notes\\newBookStore\\BookStore","execPath":"C:\\Program Files\\nodejs\\node.exe","gid":null,"memoryUsage":{"arrayBuffers":146848,"external":2293698,"heapTotal":53637120,"heapUsed":30026240,"rss":75669504},"pid":17296,"uid":null,"version":"v20.14.0"},"stack":"Error: Cannot find module '../controllers/cart.controller'\nRequire stack:\n- C:\\Users\\admin\\Desktop\\fundoo_Notes\\newBookStore\\BookStore\\src\\routes\\cart.route.ts\n- C:\\Users\\admin\\Desktop\\fundoo_Notes\\newBookStore\\BookStore\\src\\routes\\index.ts\n- C:\\Users\\admin\\Desktop\\fundoo_Notes\\newBookStore\\BookStore\\src\\index.ts\n    at Function.Module._resolveFilename (node:internal/modules/cjs/loader:1145:15)\n    at Function.Module._load (node:internal/modules/cjs/loader:986:27)\n    at Module.require (node:internal/modules/cjs/loader:1233:19)\n    at require (node:internal/modules/helpers:179:18)\n    at Object.<anonymous> (C:\\Users\\admin\\Desktop\\fundoo_Notes\\newBookStore\\BookStore\\src\\routes\\cart.route.ts:2:1)\n    at Module._compile (node:internal/modules/cjs/loader:1358:14)\n    at Module._compile (C:\\Users\\admin\\Desktop\\fundoo_Notes\\newBookStore\\BookStore\\node_modules\\source-map-support\\source-map-support.js:568:25)\n    at Module.m._compile (C:\\Users\\admin\\AppData\\Local\\Temp\\ts-node-dev-hook-11154932867488654.js:69:33)\n    at Module._extensions..js (node:internal/modules/cjs/loader:1416:10)\n    at require.extensions..jsx.require.extensions..js (C:\\Users\\admin\\AppData\\Local\\Temp\\ts-node-dev-hook-11154932867488654.js:114:20)","timestamp":"2024-08-21T06:39:54.365Z","trace":[{"column":15,"file":"node:internal/modules/cjs/loader","function":"Module._resolveFilename","line":1145,"method":"_resolveFilename","native":false},{"column":27,"file":"node:internal/modules/cjs/loader","function":"Module._load","line":986,"method":"_load","native":false},{"column":19,"file":"node:internal/modules/cjs/loader","function":"Module.require","line":1233,"method":"require","native":false},{"column":18,"file":"node:internal/modules/helpers","function":"require","line":179,"method":null,"native":false},{"column":1,"file":"C:\\Users\\admin\\Desktop\\fundoo_Notes\\newBookStore\\BookStore\\src\\routes\\cart.route.ts","function":null,"line":2,"method":null,"native":false},{"column":14,"file":"node:internal/modules/cjs/loader","function":"Module._compile","line":1358,"method":"_compile","native":false},{"column":25,"file":"C:\\Users\\admin\\Desktop\\fundoo_Notes\\newBookStore\\BookStore\\node_modules\\source-map-support\\source-map-support.js","function":"Module._compile","line":568,"method":"_compile","native":false},{"column":33,"file":"C:\\Users\\admin\\AppData\\Local\\Temp\\ts-node-dev-hook-11154932867488654.js","function":"Module.m._compile","line":69,"method":"_compile","native":false},{"column":10,"file":"node:internal/modules/cjs/loader","function":"Module._extensions..js","line":1416,"method":".js","native":false},{"column":20,"file":"C:\\Users\\admin\\AppData\\Local\\Temp\\ts-node-dev-hook-11154932867488654.js","function":"require.extensions..jsx.require.extensions..js","line":114,"method":".js","native":false}]}
error: uncaughtException: Cannot find module '../controllers/cart.controller'
Require stack:
- C:\Users\admin\Desktop\fundoo_Notes\newBookStore\BookStore\src\routes\cart.route.ts
- C:\Users\admin\Desktop\fundoo_Notes\newBookStore\BookStore\src\routes\index.ts
- C:\Users\admin\Desktop\fundoo_Notes\newBookStore\BookStore\src\index.ts
Error: Cannot find module '../controllers/cart.controller'
Require stack:
- C:\Users\admin\Desktop\fundoo_Notes\newBookStore\BookStore\src\routes\cart.route.ts
- C:\Users\admin\Desktop\fundoo_Notes\newBookStore\BookStore\src\routes\index.ts
- C:\Users\admin\Desktop\fundoo_Notes\newBookStore\BookStore\src\index.ts
    at Function.Module._resolveFilename (node:internal/modules/cjs/loader:1145:15)
    at Function.Module._load (node:internal/modules/cjs/loader:986:27)
    at Module.require (node:internal/modules/cjs/loader:1233:19)
    at require (node:internal/modules/helpers:179:18)
    at Object.<anonymous> (C:\Users\admin\Desktop\fundoo_Notes\newBookStore\BookStore\src\routes\cart.route.ts:2:1)
    at Module._compile (node:internal/modules/cjs/loader:1358:14)
    at Module._compile (C:\Users\admin\Desktop\fundoo_Notes\newBookStore\BookStore\node_modules\source-map-support\source-map-support.js:568:25)
    at Module.m._compile (C:\Users\admin\AppData\Local\Temp\ts-node-dev-hook-11154932867488654.js:69:33)
    at Module._extensions..js (node:internal/modules/cjs/loader:1416:10)
    at require.extensions..jsx.require.extensions..js (C:\Users\admin\AppData\Local\Temp\ts-node-dev-hook-11154932867488654.js:114:20) {"date":"Wed Aug 21 2024 12:09:59 GMT+0530 (India Standard Time)","error":{"code":"MODULE_NOT_FOUND","requireStack":["C:\\Users\\admin\\Desktop\\fundoo_Notes\\newBookStore\\BookStore\\src\\routes\\cart.route.ts","C:\\Users\\admin\\Desktop\\fundoo_Notes\\newBookStore\\BookStore\\src\\routes\\index.ts","C:\\Users\\admin\\Desktop\\fundoo_Notes\\newBookStore\\BookStore\\src\\index.ts"]},"exception":true,"os":{"loadavg":[0,0,0],"uptime":351344.359},"process":{"argv":["C:\\Program Files\\nodejs\\node.exe","./src/index.ts"],"cwd":"C:\\Users\\admin\\Desktop\\fundoo_Notes\\newBookStore\\BookStore","execPath":"C:\\Program Files\\nodejs\\node.exe","gid":null,"memoryUsage":{"arrayBuffers":146848,"external":2293698,"heapTotal":53637120,"heapUsed":23803632,"rss":72052736},"pid":14284,"uid":null,"version":"v20.14.0"},"stack":"Error: Cannot find module '../controllers/cart.controller'\nRequire stack:\n- C:\\Users\\admin\\Desktop\\fundoo_Notes\\newBookStore\\BookStore\\src\\routes\\cart.route.ts\n- C:\\Users\\admin\\Desktop\\fundoo_Notes\\newBookStore\\BookStore\\src\\routes\\index.ts\n- C:\\Users\\admin\\Desktop\\fundoo_Notes\\newBookStore\\BookStore\\src\\index.ts\n    at Function.Module._resolveFilename (node:internal/modules/cjs/loader:1145:15)\n    at Function.Module._load (node:internal/modules/cjs/loader:986:27)\n    at Module.require (node:internal/modules/cjs/loader:1233:19)\n    at require (node:internal/modules/helpers:179:18)\n    at Object.<anonymous> (C:\\Users\\admin\\Desktop\\fundoo_Notes\\newBookStore\\BookStore\\src\\routes\\cart.route.ts:2:1)\n    at Module._compile (node:internal/modules/cjs/loader:1358:14)\n    at Module._compile (C:\\Users\\admin\\Desktop\\fundoo_Notes\\newBookStore\\BookStore\\node_modules\\source-map-support\\source-map-support.js:568:25)\n    at Module.m._compile (C:\\Users\\admin\\AppData\\Local\\Temp\\ts-node-dev-hook-11154932867488654.js:69:33)\n    at Module._extensions..js (node:internal/modules/cjs/loader:1416:10)\n    at require.extensions..jsx.require.extensions..js (C:\\Users\\admin\\AppData\\Local\\Temp\\ts-node-dev-hook-11154932867488654.js:114:20)","timestamp":"2024-08-21T06:39:59.737Z","trace":[{"column":15,"file":"node:internal/modules/cjs/loader","function":"Module._resolveFilename","line":1145,"method":"_resolveFilename","native":false},{"column":27,"file":"node:internal/modules/cjs/loader","function":"Module._load","line":986,"method":"_load","native":false},{"column":19,"file":"node:internal/modules/cjs/loader","function":"Module.require","line":1233,"method":"require","native":false},{"column":18,"file":"node:internal/modules/helpers","function":"require","line":179,"method":null,"native":false},{"column":1,"file":"C:\\Users\\admin\\Desktop\\fundoo_Notes\\newBookStore\\BookStore\\src\\routes\\cart.route.ts","function":null,"line":2,"method":null,"native":false},{"column":14,"file":"node:internal/modules/cjs/loader","function":"Module._compile","line":1358,"method":"_compile","native":false},{"column":25,"file":"C:\\Users\\admin\\Desktop\\fundoo_Notes\\newBookStore\\BookStore\\node_modules\\source-map-support\\source-map-support.js","function":"Module._compile","line":568,"method":"_compile","native":false},{"column":33,"file":"C:\\Users\\admin\\AppData\\Local\\Temp\\ts-node-dev-hook-11154932867488654.js","function":"Module.m._compile","line":69,"method":"_compile","native":false},{"column":10,"file":"node:internal/modules/cjs/loader","function":"Module._extensions..js","line":1416,"method":".js","native":false},{"column":20,"file":"C:\\Users\\admin\\AppData\\Local\\Temp\\ts-node-dev-hook-11154932867488654.js","function":"require.extensions..jsx.require.extensions..js","line":114,"method":".js","native":false}]}
error: uncaughtException: Cannot find module '../controllers/order.controller'
Require stack:
- C:\Users\admin\Desktop\fundoo_Notes\newBookStore\BookStore\src\routes\order.route.ts
- C:\Users\admin\Desktop\fundoo_Notes\newBookStore\BookStore\src\routes\index.ts
- C:\Users\admin\Desktop\fundoo_Notes\newBookStore\BookStore\src\index.ts
Error: Cannot find module '../controllers/order.controller'
Require stack:
- C:\Users\admin\Desktop\fundoo_Notes\newBookStore\BookStore\src\routes\order.route.ts
- C:\Users\admin\Desktop\fundoo_Notes\newBookStore\BookStore\src\routes\index.ts
- C:\Users\admin\Desktop\fundoo_Notes\newBookStore\BookStore\src\index.ts
    at Function.Module._resolveFilename (node:internal/modules/cjs/loader:1145:15)
    at Function.Module._load (node:internal/modules/cjs/loader:986:27)
    at Module.require (node:internal/modules/cjs/loader:1233:19)
    at require (node:internal/modules/helpers:179:18)
    at Object.<anonymous> (C:\Users\admin\Desktop\fundoo_Notes\newBookStore\BookStore\src\routes\order.route.ts:2:1)
    at Module._compile (node:internal/modules/cjs/loader:1358:14)
    at Module._compile (C:\Users\admin\Desktop\fundoo_Notes\newBookStore\BookStore\node_modules\source-map-support\source-map-support.js:568:25)
    at Module.m._compile (C:\Users\admin\AppData\Local\Temp\ts-node-dev-hook-11154932867488654.js:69:33)
    at Module._extensions..js (node:internal/modules/cjs/loader:1416:10)
    at require.extensions..jsx.require.extensions..js (C:\Users\admin\AppData\Local\Temp\ts-node-dev-hook-11154932867488654.js:114:20) {"date":"Wed Aug 21 2024 12:10:16 GMT+0530 (India Standard Time)","error":{"code":"MODULE_NOT_FOUND","requireStack":["C:\\Users\\admin\\Desktop\\fundoo_Notes\\newBookStore\\BookStore\\src\\routes\\order.route.ts","C:\\Users\\admin\\Desktop\\fundoo_Notes\\newBookStore\\BookStore\\src\\routes\\index.ts","C:\\Users\\admin\\Desktop\\fundoo_Notes\\newBookStore\\BookStore\\src\\index.ts"]},"exception":true,"os":{"loadavg":[0,0,0],"uptime":351361.109},"process":{"argv":["C:\\Program Files\\nodejs\\node.exe","./src/index.ts"],"cwd":"C:\\Users\\admin\\Desktop\\fundoo_Notes\\newBookStore\\BookStore","execPath":"C:\\Program Files\\nodejs\\node.exe","gid":null,"memoryUsage":{"arrayBuffers":148524,"external":2293698,"heapTotal":53899264,"heapUsed":24737560,"rss":72335360},"pid":15916,"uid":null,"version":"v20.14.0"},"stack":"Error: Cannot find module '../controllers/order.controller'\nRequire stack:\n- C:\\Users\\admin\\Desktop\\fundoo_Notes\\newBookStore\\BookStore\\src\\routes\\order.route.ts\n- C:\\Users\\admin\\Desktop\\fundoo_Notes\\newBookStore\\BookStore\\src\\routes\\index.ts\n- C:\\Users\\admin\\Desktop\\fundoo_Notes\\newBookStore\\BookStore\\src\\index.ts\n    at Function.Module._resolveFilename (node:internal/modules/cjs/loader:1145:15)\n    at Function.Module._load (node:internal/modules/cjs/loader:986:27)\n    at Module.require (node:internal/modules/cjs/loader:1233:19)\n    at require (node:internal/modules/helpers:179:18)\n    at Object.<anonymous> (C:\\Users\\admin\\Desktop\\fundoo_Notes\\newBookStore\\BookStore\\src\\routes\\order.route.ts:2:1)\n    at Module._compile (node:internal/modules/cjs/loader:1358:14)\n    at Module._compile (C:\\Users\\admin\\Desktop\\fundoo_Notes\\newBookStore\\BookStore\\node_modules\\source-map-support\\source-map-support.js:568:25)\n    at Module.m._compile (C:\\Users\\admin\\AppData\\Local\\Temp\\ts-node-dev-hook-11154932867488654.js:69:33)\n    at Module._extensions..js (node:internal/modules/cjs/loader:1416:10)\n    at require.extensions..jsx.require.extensions..js (C:\\Users\\admin\\AppData\\Local\\Temp\\ts-node-dev-hook-11154932867488654.js:114:20)","timestamp":"2024-08-21T06:40:16.505Z","trace":[{"column":15,"file":"node:internal/modules/cjs/loader","function":"Module._resolveFilename","line":1145,"method":"_resolveFilename","native":false},{"column":27,"file":"node:internal/modules/cjs/loader","function":"Module._load","line":986,"method":"_load","native":false},{"column":19,"file":"node:internal/modules/cjs/loader","function":"Module.require","line":1233,"method":"require","native":false},{"column":18,"file":"node:internal/modules/helpers","function":"require","line":179,"method":null,"native":false},{"column":1,"file":"C:\\Users\\admin\\Desktop\\fundoo_Notes\\newBookStore\\BookStore\\src\\routes\\order.route.ts","function":null,"line":2,"method":null,"native":false},{"column":14,"file":"node:internal/modules/cjs/loader","function":"Module._compile","line":1358,"method":"_compile","native":false},{"column":25,"file":"C:\\Users\\admin\\Desktop\\fundoo_Notes\\newBookStore\\BookStore\\node_modules\\source-map-support\\source-map-support.js","function":"Module._compile","line":568,"method":"_compile","native":false},{"column":33,"file":"C:\\Users\\admin\\AppData\\Local\\Temp\\ts-node-dev-hook-11154932867488654.js","function":"Module.m._compile","line":69,"method":"_compile","native":false},{"column":10,"file":"node:internal/modules/cjs/loader","function":"Module._extensions..js","line":1416,"method":".js","native":false},{"column":20,"file":"C:\\Users\\admin\\AppData\\Local\\Temp\\ts-node-dev-hook-11154932867488654.js","function":"require.extensions..jsx.require.extensions..js","line":114,"method":".js","native":false}]}
error: uncaughtException: listen EADDRINUSE: address already in use :::3000
Error: listen EADDRINUSE: address already in use :::3000
    at Server.setupListenHandle [as _listen2] (node:net:1898:16)
    at listenInCluster (node:net:1946:12)
    at Server.listen (node:net:2044:7)
    at Function.listen (C:\Users\admin\Desktop\fundoo_Notes\newBookStore\BookStore\node_modules\express\lib\application.js:635:24)
    at App.startApp (C:\Users\admin\Desktop\fundoo_Notes\newBookStore\BookStore\src\index.ts:60:14)
    at new App (C:\Users\admin\Desktop\fundoo_Notes\newBookStore\BookStore\src\index.ts:37:10)
    at Object.<anonymous> (C:\Users\admin\Desktop\fundoo_Notes\newBookStore\BookStore\src\index.ts:72:13)
    at Module._compile (node:internal/modules/cjs/loader:1358:14)
    at Module._compile (C:\Users\admin\Desktop\fundoo_Notes\newBookStore\BookStore\node_modules\source-map-support\source-map-support.js:568:25)
    at Module.m._compile (C:\Users\admin\AppData\Local\Temp\ts-node-dev-hook-11154932867488654.js:69:33) {"date":"Wed Aug 21 2024 12:10:25 GMT+0530 (India Standard Time)","error":{"address":"::","code":"EADDRINUSE","errno":-4091,"port":3000,"syscall":"listen"},"exception":true,"os":{"loadavg":[0,0,0],"uptime":351369.734},"process":{"argv":["C:\\Program Files\\nodejs\\node.exe","./src/index.ts"],"cwd":"C:\\Users\\admin\\Desktop\\fundoo_Notes\\newBookStore\\BookStore","execPath":"C:\\Program Files\\nodejs\\node.exe","gid":null,"memoryUsage":{"arrayBuffers":163230,"external":2421951,"heapTotal":54685696,"heapUsed":34210672,"rss":79908864},"pid":6256,"uid":null,"version":"v20.14.0"},"stack":"Error: listen EADDRINUSE: address already in use :::3000\n    at Server.setupListenHandle [as _listen2] (node:net:1898:16)\n    at listenInCluster (node:net:1946:12)\n    at Server.listen (node:net:2044:7)\n    at Function.listen (C:\\Users\\admin\\Desktop\\fundoo_Notes\\newBookStore\\BookStore\\node_modules\\express\\lib\\application.js:635:24)\n    at App.startApp (C:\\Users\\admin\\Desktop\\fundoo_Notes\\newBookStore\\BookStore\\src\\index.ts:60:14)\n    at new App (C:\\Users\\admin\\Desktop\\fundoo_Notes\\newBookStore\\BookStore\\src\\index.ts:37:10)\n    at Object.<anonymous> (C:\\Users\\admin\\Desktop\\fundoo_Notes\\newBookStore\\BookStore\\src\\index.ts:72:13)\n    at Module._compile (node:internal/modules/cjs/loader:1358:14)\n    at Module._compile (C:\\Users\\admin\\Desktop\\fundoo_Notes\\newBookStore\\BookStore\\node_modules\\source-map-support\\source-map-support.js:568:25)\n    at Module.m._compile (C:\\Users\\admin\\AppData\\Local\\Temp\\ts-node-dev-hook-11154932867488654.js:69:33)","timestamp":"2024-08-21T06:40:25.117Z","trace":[{"column":16,"file":"node:net","function":"Server.setupListenHandle [as _listen2]","line":1898,"method":"setupListenHandle [as _listen2]","native":false},{"column":12,"file":"node:net","function":"listenInCluster","line":1946,"method":null,"native":false},{"column":7,"file":"node:net","function":"Server.listen","line":2044,"method":"listen","native":false},{"column":24,"file":"C:\\Users\\admin\\Desktop\\fundoo_Notes\\newBookStore\\BookStore\\node_modules\\express\\lib\\application.js","function":"Function.listen","line":635,"method":"listen","native":false},{"column":14,"file":"C:\\Users\\admin\\Desktop\\fundoo_Notes\\newBookStore\\BookStore\\src\\index.ts","function":"App.startApp","line":60,"method":"startApp","native":false},{"column":10,"file":"C:\\Users\\admin\\Desktop\\fundoo_Notes\\newBookStore\\BookStore\\src\\index.ts","function":"new App","line":37,"method":null,"native":false},{"column":13,"file":"C:\\Users\\admin\\Desktop\\fundoo_Notes\\newBookStore\\BookStore\\src\\index.ts","function":null,"line":72,"method":null,"native":false},{"column":14,"file":"node:internal/modules/cjs/loader","function":"Module._compile","line":1358,"method":"_compile","native":false},{"column":25,"file":"C:\\Users\\admin\\Desktop\\fundoo_Notes\\newBookStore\\BookStore\\node_modules\\source-map-support\\source-map-support.js","function":"Module._compile","line":568,"method":"_compile","native":false},{"column":33,"file":"C:\\Users\\admin\\AppData\\Local\\Temp\\ts-node-dev-hook-11154932867488654.js","function":"Module.m._compile","line":69,"method":"_compile","native":false}]}
error: uncaughtException: listen EADDRINUSE: address already in use :::3000
Error: listen EADDRINUSE: address already in use :::3000
    at Server.setupListenHandle [as _listen2] (node:net:1898:16)
    at listenInCluster (node:net:1946:12)
    at Server.listen (node:net:2044:7)
    at Function.listen (C:\Users\admin\Desktop\fundoo_Notes\newBookStore\BookStore\node_modules\express\lib\application.js:635:24)
    at App.startApp (C:\Users\admin\Desktop\fundoo_Notes\newBookStore\BookStore\src\index.ts:60:14)
    at new App (C:\Users\admin\Desktop\fundoo_Notes\newBookStore\BookStore\src\index.ts:37:10)
    at Object.<anonymous> (C:\Users\admin\Desktop\fundoo_Notes\newBookStore\BookStore\src\index.ts:72:13)
    at Module._compile (node:internal/modules/cjs/loader:1358:14)
    at Module._compile (C:\Users\admin\Desktop\fundoo_Notes\newBookStore\BookStore\node_modules\source-map-support\source-map-support.js:568:25)
    at Module.m._compile (C:\Users\admin\AppData\Local\Temp\ts-node-dev-hook-11154932867488654.js:69:33) {"date":"Wed Aug 21 2024 12:10:30 GMT+0530 (India Standard Time)","error":{"address":"::","code":"EADDRINUSE","errno":-4091,"port":3000,"syscall":"listen"},"exception":true,"os":{"loadavg":[0,0,0],"uptime":351374.906},"process":{"argv":["C:\\Program Files\\nodejs\\node.exe","./src/index.ts"],"cwd":"C:\\Users\\admin\\Desktop\\fundoo_Notes\\newBookStore\\BookStore","execPath":"C:\\Program Files\\nodejs\\node.exe","gid":null,"memoryUsage":{"arrayBuffers":163230,"external":2421951,"heapTotal":55209984,"heapUsed":30844072,"rss":76718080},"pid":15016,"uid":null,"version":"v20.14.0"},"stack":"Error: listen EADDRINUSE: address already in use :::3000\n    at Server.setupListenHandle [as _listen2] (node:net:1898:16)\n    at listenInCluster (node:net:1946:12)\n    at Server.listen (node:net:2044:7)\n    at Function.listen (C:\\Users\\admin\\Desktop\\fundoo_Notes\\newBookStore\\BookStore\\node_modules\\express\\lib\\application.js:635:24)\n    at App.startApp (C:\\Users\\admin\\Desktop\\fundoo_Notes\\newBookStore\\BookStore\\src\\index.ts:60:14)\n    at new App (C:\\Users\\admin\\Desktop\\fundoo_Notes\\newBookStore\\BookStore\\src\\index.ts:37:10)\n    at Object.<anonymous> (C:\\Users\\admin\\Desktop\\fundoo_Notes\\newBookStore\\BookStore\\src\\index.ts:72:13)\n    at Module._compile (node:internal/modules/cjs/loader:1358:14)\n    at Module._compile (C:\\Users\\admin\\Desktop\\fundoo_Notes\\newBookStore\\BookStore\\node_modules\\source-map-support\\source-map-support.js:568:25)\n    at Module.m._compile (C:\\Users\\admin\\AppData\\Local\\Temp\\ts-node-dev-hook-11154932867488654.js:69:33)","timestamp":"2024-08-21T06:40:30.288Z","trace":[{"column":16,"file":"node:net","function":"Server.setupListenHandle [as _listen2]","line":1898,"method":"setupListenHandle [as _listen2]","native":false},{"column":12,"file":"node:net","function":"listenInCluster","line":1946,"method":null,"native":false},{"column":7,"file":"node:net","function":"Server.listen","line":2044,"method":"listen","native":false},{"column":24,"file":"C:\\Users\\admin\\Desktop\\fundoo_Notes\\newBookStore\\BookStore\\node_modules\\express\\lib\\application.js","function":"Function.listen","line":635,"method":"listen","native":false},{"column":14,"file":"C:\\Users\\admin\\Desktop\\fundoo_Notes\\newBookStore\\BookStore\\src\\index.ts","function":"App.startApp","line":60,"method":"startApp","native":false},{"column":10,"file":"C:\\Users\\admin\\Desktop\\fundoo_Notes\\newBookStore\\BookStore\\src\\index.ts","function":"new App","line":37,"method":null,"native":false},{"column":13,"file":"C:\\Users\\admin\\Desktop\\fundoo_Notes\\newBookStore\\BookStore\\src\\index.ts","function":null,"line":72,"method":null,"native":false},{"column":14,"file":"node:internal/modules/cjs/loader","function":"Module._compile","line":1358,"method":"_compile","native":false},{"column":25,"file":"C:\\Users\\admin\\Desktop\\fundoo_Notes\\newBookStore\\BookStore\\node_modules\\source-map-support\\source-map-support.js","function":"Module._compile","line":568,"method":"_compile","native":false},{"column":33,"file":"C:\\Users\\admin\\AppData\\Local\\Temp\\ts-node-dev-hook-11154932867488654.js","function":"Module.m._compile","line":69,"method":"_compile","native":false}]}
error: uncaughtException: Cannot find module '../services/book.service'
Require stack:
- C:\Users\admin\Desktop\fundoo_Notes\newBookStore\BookStore\src\controllers\storebook.controller.ts
- C:\Users\admin\Desktop\fundoo_Notes\newBookStore\BookStore\src\routes\book.route.ts
- C:\Users\admin\Desktop\fundoo_Notes\newBookStore\BookStore\src\routes\index.ts
- C:\Users\admin\Desktop\fundoo_Notes\newBookStore\BookStore\src\index.ts
Error: Cannot find module '../services/book.service'
Require stack:
- C:\Users\admin\Desktop\fundoo_Notes\newBookStore\BookStore\src\controllers\storebook.controller.ts
- C:\Users\admin\Desktop\fundoo_Notes\newBookStore\BookStore\src\routes\book.route.ts
- C:\Users\admin\Desktop\fundoo_Notes\newBookStore\BookStore\src\routes\index.ts
- C:\Users\admin\Desktop\fundoo_Notes\newBookStore\BookStore\src\index.ts
    at Function.Module._resolveFilename (node:internal/modules/cjs/loader:1145:15)
    at Function.Module._load (node:internal/modules/cjs/loader:986:27)
    at Module.require (node:internal/modules/cjs/loader:1233:19)
    at require (node:internal/modules/helpers:179:18)
    at Object.<anonymous> (C:\Users\admin\Desktop\fundoo_Notes\newBookStore\BookStore\src\controllers\storebook.controller.ts:3:1)
    at Module._compile (node:internal/modules/cjs/loader:1358:14)
    at Module._compile (C:\Users\admin\Desktop\fundoo_Notes\newBookStore\BookStore\node_modules\source-map-support\source-map-support.js:568:25)
    at Module.m._compile (C:\Users\admin\AppData\Local\Temp\ts-node-dev-hook-25585187039436685.js:69:33)
    at Module._extensions..js (node:internal/modules/cjs/loader:1416:10)
    at require.extensions..jsx.require.extensions..js (C:\Users\admin\AppData\Local\Temp\ts-node-dev-hook-25585187039436685.js:114:20) {"date":"Wed Aug 21 2024 12:14:10 GMT+0530 (India Standard Time)","error":{"code":"MODULE_NOT_FOUND","requireStack":["C:\\Users\\admin\\Desktop\\fundoo_Notes\\newBookStore\\BookStore\\src\\controllers\\storebook.controller.ts","C:\\Users\\admin\\Desktop\\fundoo_Notes\\newBookStore\\BookStore\\src\\routes\\book.route.ts","C:\\Users\\admin\\Desktop\\fundoo_Notes\\newBookStore\\BookStore\\src\\routes\\index.ts","C:\\Users\\admin\\Desktop\\fundoo_Notes\\newBookStore\\BookStore\\src\\index.ts"]},"exception":true,"os":{"loadavg":[0,0,0],"uptime":351595.453},"process":{"argv":["C:\\Program Files\\nodejs\\node.exe","./src/index.ts"],"cwd":"C:\\Users\\admin\\Desktop\\fundoo_Notes\\newBookStore\\BookStore","execPath":"C:\\Program Files\\nodejs\\node.exe","gid":null,"memoryUsage":{"arrayBuffers":152370,"external":2300756,"heapTotal":52850688,"heapUsed":21263440,"rss":78532608},"pid":13152,"uid":null,"version":"v20.14.0"},"stack":"Error: Cannot find module '../services/book.service'\nRequire stack:\n- C:\\Users\\admin\\Desktop\\fundoo_Notes\\newBookStore\\BookStore\\src\\controllers\\storebook.controller.ts\n- C:\\Users\\admin\\Desktop\\fundoo_Notes\\newBookStore\\BookStore\\src\\routes\\book.route.ts\n- C:\\Users\\admin\\Desktop\\fundoo_Notes\\newBookStore\\BookStore\\src\\routes\\index.ts\n- C:\\Users\\admin\\Desktop\\fundoo_Notes\\newBookStore\\BookStore\\src\\index.ts\n    at Function.Module._resolveFilename (node:internal/modules/cjs/loader:1145:15)\n    at Function.Module._load (node:internal/modules/cjs/loader:986:27)\n    at Module.require (node:internal/modules/cjs/loader:1233:19)\n    at require (node:internal/modules/helpers:179:18)\n    at Object.<anonymous> (C:\\Users\\admin\\Desktop\\fundoo_Notes\\newBookStore\\BookStore\\src\\controllers\\storebook.controller.ts:3:1)\n    at Module._compile (node:internal/modules/cjs/loader:1358:14)\n    at Module._compile (C:\\Users\\admin\\Desktop\\fundoo_Notes\\newBookStore\\BookStore\\node_modules\\source-map-support\\source-map-support.js:568:25)\n    at Module.m._compile (C:\\Users\\admin\\AppData\\Local\\Temp\\ts-node-dev-hook-25585187039436685.js:69:33)\n    at Module._extensions..js (node:internal/modules/cjs/loader:1416:10)\n    at require.extensions..jsx.require.extensions..js (C:\\Users\\admin\\AppData\\Local\\Temp\\ts-node-dev-hook-25585187039436685.js:114:20)","timestamp":"2024-08-21T06:44:10.841Z","trace":[{"column":15,"file":"node:internal/modules/cjs/loader","function":"Module._resolveFilename","line":1145,"method":"_resolveFilename","native":false},{"column":27,"file":"node:internal/modules/cjs/loader","function":"Module._load","line":986,"method":"_load","native":false},{"column":19,"file":"node:internal/modules/cjs/loader","function":"Module.require","line":1233,"method":"require","native":false},{"column":18,"file":"node:internal/modules/helpers","function":"require","line":179,"method":null,"native":false},{"column":1,"file":"C:\\Users\\admin\\Desktop\\fundoo_Notes\\newBookStore\\BookStore\\src\\controllers\\storebook.controller.ts","function":null,"line":3,"method":null,"native":false},{"column":14,"file":"node:internal/modules/cjs/loader","function":"Module._compile","line":1358,"method":"_compile","native":false},{"column":25,"file":"C:\\Users\\admin\\Desktop\\fundoo_Notes\\newBookStore\\BookStore\\node_modules\\source-map-support\\source-map-support.js","function":"Module._compile","line":568,"method":"_compile","native":false},{"column":33,"file":"C:\\Users\\admin\\AppData\\Local\\Temp\\ts-node-dev-hook-25585187039436685.js","function":"Module.m._compile","line":69,"method":"_compile","native":false},{"column":10,"file":"node:internal/modules/cjs/loader","function":"Module._extensions..js","line":1416,"method":".js","native":false},{"column":20,"file":"C:\\Users\\admin\\AppData\\Local\\Temp\\ts-node-dev-hook-25585187039436685.js","function":"require.extensions..jsx.require.extensions..js","line":114,"method":".js","native":false}]}
error: uncaughtException: Cannot find module '../services/cart.service'
Require stack:
- C:\Users\admin\Desktop\fundoo_Notes\newBookStore\BookStore\src\controllers\storecart.controller.ts
- C:\Users\admin\Desktop\fundoo_Notes\newBookStore\BookStore\src\routes\cart.route.ts
- C:\Users\admin\Desktop\fundoo_Notes\newBookStore\BookStore\src\routes\index.ts
- C:\Users\admin\Desktop\fundoo_Notes\newBookStore\BookStore\src\index.ts
Error: Cannot find module '../services/cart.service'
Require stack:
- C:\Users\admin\Desktop\fundoo_Notes\newBookStore\BookStore\src\controllers\storecart.controller.ts
- C:\Users\admin\Desktop\fundoo_Notes\newBookStore\BookStore\src\routes\cart.route.ts
- C:\Users\admin\Desktop\fundoo_Notes\newBookStore\BookStore\src\routes\index.ts
- C:\Users\admin\Desktop\fundoo_Notes\newBookStore\BookStore\src\index.ts
    at Function.Module._resolveFilename (node:internal/modules/cjs/loader:1145:15)
    at Function.Module._load (node:internal/modules/cjs/loader:986:27)
    at Module.require (node:internal/modules/cjs/loader:1233:19)
    at require (node:internal/modules/helpers:179:18)
    at Object.<anonymous> (C:\Users\admin\Desktop\fundoo_Notes\newBookStore\BookStore\src\controllers\storecart.controller.ts:3:1)
    at Module._compile (node:internal/modules/cjs/loader:1358:14)
    at Module._compile (C:\Users\admin\Desktop\fundoo_Notes\newBookStore\BookStore\node_modules\source-map-support\source-map-support.js:568:25)
    at Module.m._compile (C:\Users\admin\AppData\Local\Temp\ts-node-dev-hook-25585187039436685.js:69:33)
    at Module._extensions..js (node:internal/modules/cjs/loader:1416:10)
    at require.extensions..jsx.require.extensions..js (C:\Users\admin\AppData\Local\Temp\ts-node-dev-hook-25585187039436685.js:114:20) {"date":"Wed Aug 21 2024 12:15:28 GMT+0530 (India Standard Time)","error":{"code":"MODULE_NOT_FOUND","requireStack":["C:\\Users\\admin\\Desktop\\fundoo_Notes\\newBookStore\\BookStore\\src\\controllers\\storecart.controller.ts","C:\\Users\\admin\\Desktop\\fundoo_Notes\\newBookStore\\BookStore\\src\\routes\\cart.route.ts","C:\\Users\\admin\\Desktop\\fundoo_Notes\\newBookStore\\BookStore\\src\\routes\\index.ts","C:\\Users\\admin\\Desktop\\fundoo_Notes\\newBookStore\\BookStore\\src\\index.ts"]},"exception":true,"os":{"loadavg":[0,0,0],"uptime":351672.812},"process":{"argv":["C:\\Program Files\\nodejs\\node.exe","./src/index.ts"],"cwd":"C:\\Users\\admin\\Desktop\\fundoo_Notes\\newBookStore\\BookStore","execPath":"C:\\Program Files\\nodejs\\node.exe","gid":null,"memoryUsage":{"arrayBuffers":154716,"external":2300978,"heapTotal":54161408,"heapUsed":24136976,"rss":71929856},"pid":3600,"uid":null,"version":"v20.14.0"},"stack":"Error: Cannot find module '../services/cart.service'\nRequire stack:\n- C:\\Users\\admin\\Desktop\\fundoo_Notes\\newBookStore\\BookStore\\src\\controllers\\storecart.controller.ts\n- C:\\Users\\admin\\Desktop\\fundoo_Notes\\newBookStore\\BookStore\\src\\routes\\cart.route.ts\n- C:\\Users\\admin\\Desktop\\fundoo_Notes\\newBookStore\\BookStore\\src\\routes\\index.ts\n- C:\\Users\\admin\\Desktop\\fundoo_Notes\\newBookStore\\BookStore\\src\\index.ts\n    at Function.Module._resolveFilename (node:internal/modules/cjs/loader:1145:15)\n    at Function.Module._load (node:internal/modules/cjs/loader:986:27)\n    at Module.require (node:internal/modules/cjs/loader:1233:19)\n    at require (node:internal/modules/helpers:179:18)\n    at Object.<anonymous> (C:\\Users\\admin\\Desktop\\fundoo_Notes\\newBookStore\\BookStore\\src\\controllers\\storecart.controller.ts:3:1)\n    at Module._compile (node:internal/modules/cjs/loader:1358:14)\n    at Module._compile (C:\\Users\\admin\\Desktop\\fundoo_Notes\\newBookStore\\BookStore\\node_modules\\source-map-support\\source-map-support.js:568:25)\n    at Module.m._compile (C:\\Users\\admin\\AppData\\Local\\Temp\\ts-node-dev-hook-25585187039436685.js:69:33)\n    at Module._extensions..js (node:internal/modules/cjs/loader:1416:10)\n    at require.extensions..jsx.require.extensions..js (C:\\Users\\admin\\AppData\\Local\\Temp\\ts-node-dev-hook-25585187039436685.js:114:20)","timestamp":"2024-08-21T06:45:28.193Z","trace":[{"column":15,"file":"node:internal/modules/cjs/loader","function":"Module._resolveFilename","line":1145,"method":"_resolveFilename","native":false},{"column":27,"file":"node:internal/modules/cjs/loader","function":"Module._load","line":986,"method":"_load","native":false},{"column":19,"file":"node:internal/modules/cjs/loader","function":"Module.require","line":1233,"method":"require","native":false},{"column":18,"file":"node:internal/modules/helpers","function":"require","line":179,"method":null,"native":false},{"column":1,"file":"C:\\Users\\admin\\Desktop\\fundoo_Notes\\newBookStore\\BookStore\\src\\controllers\\storecart.controller.ts","function":null,"line":3,"method":null,"native":false},{"column":14,"file":"node:internal/modules/cjs/loader","function":"Module._compile","line":1358,"method":"_compile","native":false},{"column":25,"file":"C:\\Users\\admin\\Desktop\\fundoo_Notes\\newBookStore\\BookStore\\node_modules\\source-map-support\\source-map-support.js","function":"Module._compile","line":568,"method":"_compile","native":false},{"column":33,"file":"C:\\Users\\admin\\AppData\\Local\\Temp\\ts-node-dev-hook-25585187039436685.js","function":"Module.m._compile","line":69,"method":"_compile","native":false},{"column":10,"file":"node:internal/modules/cjs/loader","function":"Module._extensions..js","line":1416,"method":".js","native":false},{"column":20,"file":"C:\\Users\\admin\\AppData\\Local\\Temp\\ts-node-dev-hook-25585187039436685.js","function":"require.extensions..jsx.require.extensions..js","line":114,"method":".js","native":false}]}
error: uncaughtException: Cannot find module '../services/wishlist.service'
Require stack:
- C:\Users\admin\Desktop\fundoo_Notes\newBookStore\BookStore\src\controllers\storewishlist.controller.ts
- C:\Users\admin\Desktop\fundoo_Notes\newBookStore\BookStore\src\routes\wishlist.route.ts
- C:\Users\admin\Desktop\fundoo_Notes\newBookStore\BookStore\src\routes\index.ts
- C:\Users\admin\Desktop\fundoo_Notes\newBookStore\BookStore\src\index.ts
Error: Cannot find module '../services/wishlist.service'
Require stack:
- C:\Users\admin\Desktop\fundoo_Notes\newBookStore\BookStore\src\controllers\storewishlist.controller.ts
- C:\Users\admin\Desktop\fundoo_Notes\newBookStore\BookStore\src\routes\wishlist.route.ts
- C:\Users\admin\Desktop\fundoo_Notes\newBookStore\BookStore\src\routes\index.ts
- C:\Users\admin\Desktop\fundoo_Notes\newBookStore\BookStore\src\index.ts
    at Function.Module._resolveFilename (node:internal/modules/cjs/loader:1145:15)
    at Function.Module._load (node:internal/modules/cjs/loader:986:27)
    at Module.require (node:internal/modules/cjs/loader:1233:19)
    at require (node:internal/modules/helpers:179:18)
    at Object.<anonymous> (C:\Users\admin\Desktop\fundoo_Notes\newBookStore\BookStore\src\controllers\storewishlist.controller.ts:3:1)
    at Module._compile (node:internal/modules/cjs/loader:1358:14)
    at Module._compile (C:\Users\admin\Desktop\fundoo_Notes\newBookStore\BookStore\node_modules\source-map-support\source-map-support.js:568:25)
    at Module.m._compile (C:\Users\admin\AppData\Local\Temp\ts-node-dev-hook-25585187039436685.js:69:33)
    at Module._extensions..js (node:internal/modules/cjs/loader:1416:10)
    at require.extensions..jsx.require.extensions..js (C:\Users\admin\AppData\Local\Temp\ts-node-dev-hook-25585187039436685.js:114:20) {"date":"Wed Aug 21 2024 12:15:34 GMT+0530 (India Standard Time)","error":{"code":"MODULE_NOT_FOUND","requireStack":["C:\\Users\\admin\\Desktop\\fundoo_Notes\\newBookStore\\BookStore\\src\\controllers\\storewishlist.controller.ts","C:\\Users\\admin\\Desktop\\fundoo_Notes\\newBookStore\\BookStore\\src\\routes\\wishlist.route.ts","C:\\Users\\admin\\Desktop\\fundoo_Notes\\newBookStore\\BookStore\\src\\routes\\index.ts","C:\\Users\\admin\\Desktop\\fundoo_Notes\\newBookStore\\BookStore\\src\\index.ts"]},"exception":true,"os":{"loadavg":[0,0,0],"uptime":351679.234},"process":{"argv":["C:\\Program Files\\nodejs\\node.exe","./src/index.ts"],"cwd":"C:\\Users\\admin\\Desktop\\fundoo_Notes\\newBookStore\\BookStore","execPath":"C:\\Program Files\\nodejs\\node.exe","gid":null,"memoryUsage":{"arrayBuffers":156547,"external":2398632,"heapTotal":54423552,"heapUsed":28456544,"rss":73666560},"pid":6000,"uid":null,"version":"v20.14.0"},"stack":"Error: Cannot find module '../services/wishlist.service'\nRequire stack:\n- C:\\Users\\admin\\Desktop\\fundoo_Notes\\newBookStore\\BookStore\\src\\controllers\\storewishlist.controller.ts\n- C:\\Users\\admin\\Desktop\\fundoo_Notes\\newBookStore\\BookStore\\src\\routes\\wishlist.route.ts\n- C:\\Users\\admin\\Desktop\\fundoo_Notes\\newBookStore\\BookStore\\src\\routes\\index.ts\n- C:\\Users\\admin\\Desktop\\fundoo_Notes\\newBookStore\\BookStore\\src\\index.ts\n    at Function.Module._resolveFilename (node:internal/modules/cjs/loader:1145:15)\n    at Function.Module._load (node:internal/modules/cjs/loader:986:27)\n    at Module.require (node:internal/modules/cjs/loader:1233:19)\n    at require (node:internal/modules/helpers:179:18)\n    at Object.<anonymous> (C:\\Users\\admin\\Desktop\\fundoo_Notes\\newBookStore\\BookStore\\src\\controllers\\storewishlist.controller.ts:3:1)\n    at Module._compile (node:internal/modules/cjs/loader:1358:14)\n    at Module._compile (C:\\Users\\admin\\Desktop\\fundoo_Notes\\newBookStore\\BookStore\\node_modules\\source-map-support\\source-map-support.js:568:25)\n    at Module.m._compile (C:\\Users\\admin\\AppData\\Local\\Temp\\ts-node-dev-hook-25585187039436685.js:69:33)\n    at Module._extensions..js (node:internal/modules/cjs/loader:1416:10)\n    at require.extensions..jsx.require.extensions..js (C:\\Users\\admin\\AppData\\Local\\Temp\\ts-node-dev-hook-25585187039436685.js:114:20)","timestamp":"2024-08-21T06:45:34.620Z","trace":[{"column":15,"file":"node:internal/modules/cjs/loader","function":"Module._resolveFilename","line":1145,"method":"_resolveFilename","native":false},{"column":27,"file":"node:internal/modules/cjs/loader","function":"Module._load","line":986,"method":"_load","native":false},{"column":19,"file":"node:internal/modules/cjs/loader","function":"Module.require","line":1233,"method":"require","native":false},{"column":18,"file":"node:internal/modules/helpers","function":"require","line":179,"method":null,"native":false},{"column":1,"file":"C:\\Users\\admin\\Desktop\\fundoo_Notes\\newBookStore\\BookStore\\src\\controllers\\storewishlist.controller.ts","function":null,"line":3,"method":null,"native":false},{"column":14,"file":"node:internal/modules/cjs/loader","function":"Module._compile","line":1358,"method":"_compile","native":false},{"column":25,"file":"C:\\Users\\admin\\Desktop\\fundoo_Notes\\newBookStore\\BookStore\\node_modules\\source-map-support\\source-map-support.js","function":"Module._compile","line":568,"method":"_compile","native":false},{"column":33,"file":"C:\\Users\\admin\\AppData\\Local\\Temp\\ts-node-dev-hook-25585187039436685.js","function":"Module.m._compile","line":69,"method":"_compile","native":false},{"column":10,"file":"node:internal/modules/cjs/loader","function":"Module._extensions..js","line":1416,"method":".js","native":false},{"column":20,"file":"C:\\Users\\admin\\AppData\\Local\\Temp\\ts-node-dev-hook-25585187039436685.js","function":"require.extensions..jsx.require.extensions..js","line":114,"method":".js","native":false}]}
