info: ::1 - - [19/Aug/2024:07:13:09 +0000] "POST /api/v1 HTTP/1.1" 404 47 "-" "PostmanRuntime/7.41.1"

info: ::1 - - [19/Aug/2024:07:13:24 +0000] "POST /api/v1/users HTTP/1.1" 500 55 "-" "PostmanRuntime/7.41.1"

info: ::1 - - [19/Aug/2024:07:13:33 +0000] "POST /api/v1/user HTTP/1.1" 404 47 "-" "PostmanRuntime/7.41.1"

info: ::1 - - [19/Aug/2024:07:13:58 +0000] "POST /api/v1/users HTTP/1.1" 500 55 "-" "PostmanRuntime/7.41.1"

info: ::1 - - [19/Aug/2024:07:23:24 +0000] "POST /api/v1/bookstore/user HTTP/1.1" 400 35 "-" "PostmanRuntime/7.41.1"

info: ::1 - - [19/Aug/2024:07:23:55 +0000] "POST /api/v1/bookstore/user HTTP/1.1" 201 155 "-" "PostmanRuntime/7.41.1"

info: ::1 - - [19/Aug/2024:07:27:56 +0000] "POST /api/v1/bookstore/user HTTP/1.1" 201 218 "-" "PostmanRuntime/7.41.1"

info: ::1 - - [19/Aug/2024:07:30:41 +0000] "POST /api/v1/bookstore/user HTTP/1.1" 201 220 "-" "PostmanRuntime/7.41.1"

info: ::1 - - [19/Aug/2024:07:39:05 +0000] "POST /api/v1/bookstore/user/login HTTP/1.1" - - "-" "PostmanRuntime/7.41.1"

info: ::1 - - [19/Aug/2024:07:40:54 +0000] "POST /api/v1/bookstore/user/login HTTP/1.1" - - "-" "PostmanRuntime/7.41.1"

info: ::1 - - [19/Aug/2024:07:42:37 +0000] "POST /api/v1/bookstore/user/login HTTP/1.1" 400 11 "-" "PostmanRuntime/7.41.1"

error: uncaughtException: Cannot set headers after they are sent to the client
Error: Cannot set headers after they are sent to the client
    at ServerResponse.setHeader (node:_http_outgoing:659:11)
    at ServerResponse.header (C:\Users\admin\Desktop\fundoo_Notes\newBookStore\BookStore\node_modules\express\lib\response.js:795:10)
    at ServerResponse.send (C:\Users\admin\Desktop\fundoo_Notes\newBookStore\BookStore\node_modules\express\lib\response.js:175:12)
    at ServerResponse.json (C:\Users\admin\Desktop\fundoo_Notes\newBookStore\BookStore\node_modules\express\lib\response.js:279:15)
    at bookUsercontroller.<anonymous> (C:\Users\admin\Desktop\fundoo_Notes\newBookStore\BookStore\src\controllers\bookuser.controller.ts:67:46)
    at Generator.next (<anonymous>)
    at fulfilled (C:\Users\admin\Desktop\fundoo_Notes\newBookStore\BookStore\src\controllers\bookuser.controller.ts:5:58)
    at processTicksAndRejections (node:internal/process/task_queues:95:5) {"date":"Mon Aug 19 2024 13:12:37 GMT+0530 (India Standard Time)","error":{"code":"ERR_HTTP_HEADERS_SENT"},"exception":true,"os":{"loadavg":[0,0,0],"uptime":182300.046},"process":{"argv":["C:\\Program Files\\nodejs\\node.exe","./src/index.ts"],"cwd":"C:\\Users\\admin\\Desktop\\fundoo_Notes\\newBookStore\\BookStore","execPath":"C:\\Program Files\\nodejs\\node.exe","gid":null,"memoryUsage":{"arrayBuffers":106076,"external":2408919,"heapTotal":54841344,"heapUsed":27148448,"rss":73498624},"pid":17032,"uid":null,"version":"v20.14.0"},"stack":"Error: Cannot set headers after they are sent to the client\n    at ServerResponse.setHeader (node:_http_outgoing:659:11)\n    at ServerResponse.header (C:\\Users\\admin\\Desktop\\fundoo_Notes\\newBookStore\\BookStore\\node_modules\\express\\lib\\response.js:795:10)\n    at ServerResponse.send (C:\\Users\\admin\\Desktop\\fundoo_Notes\\newBookStore\\BookStore\\node_modules\\express\\lib\\response.js:175:12)\n    at ServerResponse.json (C:\\Users\\admin\\Desktop\\fundoo_Notes\\newBookStore\\BookStore\\node_modules\\express\\lib\\response.js:279:15)\n    at bookUsercontroller.<anonymous> (C:\\Users\\admin\\Desktop\\fundoo_Notes\\newBookStore\\BookStore\\src\\controllers\\bookuser.controller.ts:67:46)\n    at Generator.next (<anonymous>)\n    at fulfilled (C:\\Users\\admin\\Desktop\\fundoo_Notes\\newBookStore\\BookStore\\src\\controllers\\bookuser.controller.ts:5:58)\n    at processTicksAndRejections (node:internal/process/task_queues:95:5)","trace":[{"column":11,"file":"node:_http_outgoing","function":"ServerResponse.setHeader","line":659,"method":"setHeader","native":false},{"column":10,"file":"C:\\Users\\admin\\Desktop\\fundoo_Notes\\newBookStore\\BookStore\\node_modules\\express\\lib\\response.js","function":"ServerResponse.header","line":795,"method":"header","native":false},{"column":12,"file":"C:\\Users\\admin\\Desktop\\fundoo_Notes\\newBookStore\\BookStore\\node_modules\\express\\lib\\response.js","function":"ServerResponse.send","line":175,"method":"send","native":false},{"column":15,"file":"C:\\Users\\admin\\Desktop\\fundoo_Notes\\newBookStore\\BookStore\\node_modules\\express\\lib\\response.js","function":"ServerResponse.json","line":279,"method":"json","native":false},{"column":46,"file":"C:\\Users\\admin\\Desktop\\fundoo_Notes\\newBookStore\\BookStore\\src\\controllers\\bookuser.controller.ts","function":null,"line":67,"method":null,"native":false},{"column":null,"file":null,"function":"Generator.next","line":null,"method":"next","native":false},{"column":58,"file":"C:\\Users\\admin\\Desktop\\fundoo_Notes\\newBookStore\\BookStore\\src\\controllers\\bookuser.controller.ts","function":"fulfilled","line":5,"method":null,"native":false},{"column":5,"file":"node:internal/process/task_queues","function":"processTicksAndRejections","line":95,"method":null,"native":false}]}
info: ::1 - - [19/Aug/2024:07:46:17 +0000] "POST /api/v1/bookstore/user/login HTTP/1.1" 400 11 "-" "PostmanRuntime/7.41.1"

error: uncaughtException: Cannot set headers after they are sent to the client
Error: Cannot set headers after they are sent to the client
    at ServerResponse.setHeader (node:_http_outgoing:659:11)
    at ServerResponse.header (C:\Users\admin\Desktop\fundoo_Notes\newBookStore\BookStore\node_modules\express\lib\response.js:795:10)
    at ServerResponse.send (C:\Users\admin\Desktop\fundoo_Notes\newBookStore\BookStore\node_modules\express\lib\response.js:175:12)
    at ServerResponse.json (C:\Users\admin\Desktop\fundoo_Notes\newBookStore\BookStore\node_modules\express\lib\response.js:279:15)
    at bookUsercontroller.<anonymous> (C:\Users\admin\Desktop\fundoo_Notes\newBookStore\BookStore\src\controllers\bookuser.controller.ts:69:46)
    at Generator.next (<anonymous>)
    at fulfilled (C:\Users\admin\Desktop\fundoo_Notes\newBookStore\BookStore\src\controllers\bookuser.controller.ts:5:58)
    at processTicksAndRejections (node:internal/process/task_queues:95:5) {"date":"Mon Aug 19 2024 13:16:17 GMT+0530 (India Standard Time)","error":{"code":"ERR_HTTP_HEADERS_SENT"},"exception":true,"os":{"loadavg":[0,0,0],"uptime":182520.296},"process":{"argv":["C:\\Program Files\\nodejs\\node.exe","./src/index.ts"],"cwd":"C:\\Users\\admin\\Desktop\\fundoo_Notes\\newBookStore\\BookStore","execPath":"C:\\Program Files\\nodejs\\node.exe","gid":null,"memoryUsage":{"arrayBuffers":106203,"external":2409046,"heapTotal":55365632,"heapUsed":23448256,"rss":73109504},"pid":9732,"uid":null,"version":"v20.14.0"},"stack":"Error: Cannot set headers after they are sent to the client\n    at ServerResponse.setHeader (node:_http_outgoing:659:11)\n    at ServerResponse.header (C:\\Users\\admin\\Desktop\\fundoo_Notes\\newBookStore\\BookStore\\node_modules\\express\\lib\\response.js:795:10)\n    at ServerResponse.send (C:\\Users\\admin\\Desktop\\fundoo_Notes\\newBookStore\\BookStore\\node_modules\\express\\lib\\response.js:175:12)\n    at ServerResponse.json (C:\\Users\\admin\\Desktop\\fundoo_Notes\\newBookStore\\BookStore\\node_modules\\express\\lib\\response.js:279:15)\n    at bookUsercontroller.<anonymous> (C:\\Users\\admin\\Desktop\\fundoo_Notes\\newBookStore\\BookStore\\src\\controllers\\bookuser.controller.ts:69:46)\n    at Generator.next (<anonymous>)\n    at fulfilled (C:\\Users\\admin\\Desktop\\fundoo_Notes\\newBookStore\\BookStore\\src\\controllers\\bookuser.controller.ts:5:58)\n    at processTicksAndRejections (node:internal/process/task_queues:95:5)","trace":[{"column":11,"file":"node:_http_outgoing","function":"ServerResponse.setHeader","line":659,"method":"setHeader","native":false},{"column":10,"file":"C:\\Users\\admin\\Desktop\\fundoo_Notes\\newBookStore\\BookStore\\node_modules\\express\\lib\\response.js","function":"ServerResponse.header","line":795,"method":"header","native":false},{"column":12,"file":"C:\\Users\\admin\\Desktop\\fundoo_Notes\\newBookStore\\BookStore\\node_modules\\express\\lib\\response.js","function":"ServerResponse.send","line":175,"method":"send","native":false},{"column":15,"file":"C:\\Users\\admin\\Desktop\\fundoo_Notes\\newBookStore\\BookStore\\node_modules\\express\\lib\\response.js","function":"ServerResponse.json","line":279,"method":"json","native":false},{"column":46,"file":"C:\\Users\\admin\\Desktop\\fundoo_Notes\\newBookStore\\BookStore\\src\\controllers\\bookuser.controller.ts","function":null,"line":69,"method":null,"native":false},{"column":null,"file":null,"function":"Generator.next","line":null,"method":"next","native":false},{"column":58,"file":"C:\\Users\\admin\\Desktop\\fundoo_Notes\\newBookStore\\BookStore\\src\\controllers\\bookuser.controller.ts","function":"fulfilled","line":5,"method":null,"native":false},{"column":5,"file":"node:internal/process/task_queues","function":"processTicksAndRejections","line":95,"method":null,"native":false}]}
info: ::1 - - [19/Aug/2024:07:47:08 +0000] "POST /api/v1/bookstore/user/login HTTP/1.1" 400 11 "-" "PostmanRuntime/7.41.1"

error: uncaughtException: Cannot set headers after they are sent to the client
Error: Cannot set headers after they are sent to the client
    at ServerResponse.setHeader (node:_http_outgoing:659:11)
    at ServerResponse.header (C:\Users\admin\Desktop\fundoo_Notes\newBookStore\BookStore\node_modules\express\lib\response.js:795:10)
    at ServerResponse.send (C:\Users\admin\Desktop\fundoo_Notes\newBookStore\BookStore\node_modules\express\lib\response.js:175:12)
    at ServerResponse.json (C:\Users\admin\Desktop\fundoo_Notes\newBookStore\BookStore\node_modules\express\lib\response.js:279:15)
    at bookUsercontroller.<anonymous> (C:\Users\admin\Desktop\fundoo_Notes\newBookStore\BookStore\src\controllers\bookuser.controller.ts:71:46)
    at Generator.next (<anonymous>)
    at fulfilled (C:\Users\admin\Desktop\fundoo_Notes\newBookStore\BookStore\src\controllers\bookuser.controller.ts:5:58)
    at processTicksAndRejections (node:internal/process/task_queues:95:5) {"date":"Mon Aug 19 2024 13:17:09 GMT+0530 (India Standard Time)","error":{"code":"ERR_HTTP_HEADERS_SENT"},"exception":true,"os":{"loadavg":[0,0,0],"uptime":182571.765},"process":{"argv":["C:\\Program Files\\nodejs\\node.exe","./src/index.ts"],"cwd":"C:\\Users\\admin\\Desktop\\fundoo_Notes\\newBookStore\\BookStore","execPath":"C:\\Program Files\\nodejs\\node.exe","gid":null,"memoryUsage":{"arrayBuffers":106248,"external":2409091,"heapTotal":55365632,"heapUsed":23153800,"rss":72314880},"pid":16504,"uid":null,"version":"v20.14.0"},"stack":"Error: Cannot set headers after they are sent to the client\n    at ServerResponse.setHeader (node:_http_outgoing:659:11)\n    at ServerResponse.header (C:\\Users\\admin\\Desktop\\fundoo_Notes\\newBookStore\\BookStore\\node_modules\\express\\lib\\response.js:795:10)\n    at ServerResponse.send (C:\\Users\\admin\\Desktop\\fundoo_Notes\\newBookStore\\BookStore\\node_modules\\express\\lib\\response.js:175:12)\n    at ServerResponse.json (C:\\Users\\admin\\Desktop\\fundoo_Notes\\newBookStore\\BookStore\\node_modules\\express\\lib\\response.js:279:15)\n    at bookUsercontroller.<anonymous> (C:\\Users\\admin\\Desktop\\fundoo_Notes\\newBookStore\\BookStore\\src\\controllers\\bookuser.controller.ts:71:46)\n    at Generator.next (<anonymous>)\n    at fulfilled (C:\\Users\\admin\\Desktop\\fundoo_Notes\\newBookStore\\BookStore\\src\\controllers\\bookuser.controller.ts:5:58)\n    at processTicksAndRejections (node:internal/process/task_queues:95:5)","trace":[{"column":11,"file":"node:_http_outgoing","function":"ServerResponse.setHeader","line":659,"method":"setHeader","native":false},{"column":10,"file":"C:\\Users\\admin\\Desktop\\fundoo_Notes\\newBookStore\\BookStore\\node_modules\\express\\lib\\response.js","function":"ServerResponse.header","line":795,"method":"header","native":false},{"column":12,"file":"C:\\Users\\admin\\Desktop\\fundoo_Notes\\newBookStore\\BookStore\\node_modules\\express\\lib\\response.js","function":"ServerResponse.send","line":175,"method":"send","native":false},{"column":15,"file":"C:\\Users\\admin\\Desktop\\fundoo_Notes\\newBookStore\\BookStore\\node_modules\\express\\lib\\response.js","function":"ServerResponse.json","line":279,"method":"json","native":false},{"column":46,"file":"C:\\Users\\admin\\Desktop\\fundoo_Notes\\newBookStore\\BookStore\\src\\controllers\\bookuser.controller.ts","function":null,"line":71,"method":null,"native":false},{"column":null,"file":null,"function":"Generator.next","line":null,"method":"next","native":false},{"column":58,"file":"C:\\Users\\admin\\Desktop\\fundoo_Notes\\newBookStore\\BookStore\\src\\controllers\\bookuser.controller.ts","function":"fulfilled","line":5,"method":null,"native":false},{"column":5,"file":"node:internal/process/task_queues","function":"processTicksAndRejections","line":95,"method":null,"native":false}]}
info: ::1 - - [19/Aug/2024:07:48:48 +0000] "POST /api/v1/bookstore/user/login HTTP/1.1" 400 11 "-" "PostmanRuntime/7.41.1"

error: uncaughtException: Cannot set headers after they are sent to the client
Error: Cannot set headers after they are sent to the client
    at ServerResponse.setHeader (node:_http_outgoing:659:11)
    at ServerResponse.header (C:\Users\admin\Desktop\fundoo_Notes\newBookStore\BookStore\node_modules\express\lib\response.js:795:10)
    at ServerResponse.send (C:\Users\admin\Desktop\fundoo_Notes\newBookStore\BookStore\node_modules\express\lib\response.js:175:12)
    at ServerResponse.json (C:\Users\admin\Desktop\fundoo_Notes\newBookStore\BookStore\node_modules\express\lib\response.js:279:15)
    at bookUsercontroller.<anonymous> (C:\Users\admin\Desktop\fundoo_Notes\newBookStore\BookStore\src\controllers\bookuser.controller.ts:71:46)
    at Generator.next (<anonymous>)
    at fulfilled (C:\Users\admin\Desktop\fundoo_Notes\newBookStore\BookStore\src\controllers\bookuser.controller.ts:5:58)
    at processTicksAndRejections (node:internal/process/task_queues:95:5) {"date":"Mon Aug 19 2024 13:18:48 GMT+0530 (India Standard Time)","error":{"code":"ERR_HTTP_HEADERS_SENT"},"exception":true,"os":{"loadavg":[0,0,0],"uptime":182671.171},"process":{"argv":["C:\\Program Files\\nodejs\\node.exe","./src/index.ts"],"cwd":"C:\\Users\\admin\\Desktop\\fundoo_Notes\\newBookStore\\BookStore","execPath":"C:\\Program Files\\nodejs\\node.exe","gid":null,"memoryUsage":{"arrayBuffers":106242,"external":2409085,"heapTotal":55365632,"heapUsed":23253648,"rss":73367552},"pid":8648,"uid":null,"version":"v20.14.0"},"stack":"Error: Cannot set headers after they are sent to the client\n    at ServerResponse.setHeader (node:_http_outgoing:659:11)\n    at ServerResponse.header (C:\\Users\\admin\\Desktop\\fundoo_Notes\\newBookStore\\BookStore\\node_modules\\express\\lib\\response.js:795:10)\n    at ServerResponse.send (C:\\Users\\admin\\Desktop\\fundoo_Notes\\newBookStore\\BookStore\\node_modules\\express\\lib\\response.js:175:12)\n    at ServerResponse.json (C:\\Users\\admin\\Desktop\\fundoo_Notes\\newBookStore\\BookStore\\node_modules\\express\\lib\\response.js:279:15)\n    at bookUsercontroller.<anonymous> (C:\\Users\\admin\\Desktop\\fundoo_Notes\\newBookStore\\BookStore\\src\\controllers\\bookuser.controller.ts:71:46)\n    at Generator.next (<anonymous>)\n    at fulfilled (C:\\Users\\admin\\Desktop\\fundoo_Notes\\newBookStore\\BookStore\\src\\controllers\\bookuser.controller.ts:5:58)\n    at processTicksAndRejections (node:internal/process/task_queues:95:5)","trace":[{"column":11,"file":"node:_http_outgoing","function":"ServerResponse.setHeader","line":659,"method":"setHeader","native":false},{"column":10,"file":"C:\\Users\\admin\\Desktop\\fundoo_Notes\\newBookStore\\BookStore\\node_modules\\express\\lib\\response.js","function":"ServerResponse.header","line":795,"method":"header","native":false},{"column":12,"file":"C:\\Users\\admin\\Desktop\\fundoo_Notes\\newBookStore\\BookStore\\node_modules\\express\\lib\\response.js","function":"ServerResponse.send","line":175,"method":"send","native":false},{"column":15,"file":"C:\\Users\\admin\\Desktop\\fundoo_Notes\\newBookStore\\BookStore\\node_modules\\express\\lib\\response.js","function":"ServerResponse.json","line":279,"method":"json","native":false},{"column":46,"file":"C:\\Users\\admin\\Desktop\\fundoo_Notes\\newBookStore\\BookStore\\src\\controllers\\bookuser.controller.ts","function":null,"line":71,"method":null,"native":false},{"column":null,"file":null,"function":"Generator.next","line":null,"method":"next","native":false},{"column":58,"file":"C:\\Users\\admin\\Desktop\\fundoo_Notes\\newBookStore\\BookStore\\src\\controllers\\bookuser.controller.ts","function":"fulfilled","line":5,"method":null,"native":false},{"column":5,"file":"node:internal/process/task_queues","function":"processTicksAndRejections","line":95,"method":null,"native":false}]}
info: ::1 - - [19/Aug/2024:07:49:26 +0000] "POST /api/v1/bookstore/user/login HTTP/1.1" 400 11 "-" "PostmanRuntime/7.41.1"

error: uncaughtException: Cannot set headers after they are sent to the client
Error: Cannot set headers after they are sent to the client
    at ServerResponse.setHeader (node:_http_outgoing:659:11)
    at ServerResponse.header (C:\Users\admin\Desktop\fundoo_Notes\newBookStore\BookStore\node_modules\express\lib\response.js:795:10)
    at ServerResponse.send (C:\Users\admin\Desktop\fundoo_Notes\newBookStore\BookStore\node_modules\express\lib\response.js:175:12)
    at ServerResponse.json (C:\Users\admin\Desktop\fundoo_Notes\newBookStore\BookStore\node_modules\express\lib\response.js:279:15)
    at bookUsercontroller.<anonymous> (C:\Users\admin\Desktop\fundoo_Notes\newBookStore\BookStore\src\controllers\bookuser.controller.ts:72:46)
    at Generator.next (<anonymous>)
    at fulfilled (C:\Users\admin\Desktop\fundoo_Notes\newBookStore\BookStore\src\controllers\bookuser.controller.ts:5:58)
    at processTicksAndRejections (node:internal/process/task_queues:95:5) {"date":"Mon Aug 19 2024 13:19:26 GMT+0530 (India Standard Time)","error":{"code":"ERR_HTTP_HEADERS_SENT"},"exception":true,"os":{"loadavg":[0,0,0],"uptime":182708.984},"process":{"argv":["C:\\Program Files\\nodejs\\node.exe","./src/index.ts"],"cwd":"C:\\Users\\admin\\Desktop\\fundoo_Notes\\newBookStore\\BookStore","execPath":"C:\\Program Files\\nodejs\\node.exe","gid":null,"memoryUsage":{"arrayBuffers":106266,"external":2409109,"heapTotal":55103488,"heapUsed":23164864,"rss":72814592},"pid":5852,"uid":null,"version":"v20.14.0"},"stack":"Error: Cannot set headers after they are sent to the client\n    at ServerResponse.setHeader (node:_http_outgoing:659:11)\n    at ServerResponse.header (C:\\Users\\admin\\Desktop\\fundoo_Notes\\newBookStore\\BookStore\\node_modules\\express\\lib\\response.js:795:10)\n    at ServerResponse.send (C:\\Users\\admin\\Desktop\\fundoo_Notes\\newBookStore\\BookStore\\node_modules\\express\\lib\\response.js:175:12)\n    at ServerResponse.json (C:\\Users\\admin\\Desktop\\fundoo_Notes\\newBookStore\\BookStore\\node_modules\\express\\lib\\response.js:279:15)\n    at bookUsercontroller.<anonymous> (C:\\Users\\admin\\Desktop\\fundoo_Notes\\newBookStore\\BookStore\\src\\controllers\\bookuser.controller.ts:72:46)\n    at Generator.next (<anonymous>)\n    at fulfilled (C:\\Users\\admin\\Desktop\\fundoo_Notes\\newBookStore\\BookStore\\src\\controllers\\bookuser.controller.ts:5:58)\n    at processTicksAndRejections (node:internal/process/task_queues:95:5)","trace":[{"column":11,"file":"node:_http_outgoing","function":"ServerResponse.setHeader","line":659,"method":"setHeader","native":false},{"column":10,"file":"C:\\Users\\admin\\Desktop\\fundoo_Notes\\newBookStore\\BookStore\\node_modules\\express\\lib\\response.js","function":"ServerResponse.header","line":795,"method":"header","native":false},{"column":12,"file":"C:\\Users\\admin\\Desktop\\fundoo_Notes\\newBookStore\\BookStore\\node_modules\\express\\lib\\response.js","function":"ServerResponse.send","line":175,"method":"send","native":false},{"column":15,"file":"C:\\Users\\admin\\Desktop\\fundoo_Notes\\newBookStore\\BookStore\\node_modules\\express\\lib\\response.js","function":"ServerResponse.json","line":279,"method":"json","native":false},{"column":46,"file":"C:\\Users\\admin\\Desktop\\fundoo_Notes\\newBookStore\\BookStore\\src\\controllers\\bookuser.controller.ts","function":null,"line":72,"method":null,"native":false},{"column":null,"file":null,"function":"Generator.next","line":null,"method":"next","native":false},{"column":58,"file":"C:\\Users\\admin\\Desktop\\fundoo_Notes\\newBookStore\\BookStore\\src\\controllers\\bookuser.controller.ts","function":"fulfilled","line":5,"method":null,"native":false},{"column":5,"file":"node:internal/process/task_queues","function":"processTicksAndRejections","line":95,"method":null,"native":false}]}
info: ::1 - - [19/Aug/2024:07:50:44 +0000] "POST /api/v1/bookstore/user/login HTTP/1.1" 400 11 "-" "PostmanRuntime/7.41.1"

error: uncaughtException: Cannot set headers after they are sent to the client
Error: Cannot set headers after they are sent to the client
    at ServerResponse.setHeader (node:_http_outgoing:659:11)
    at ServerResponse.header (C:\Users\admin\Desktop\fundoo_Notes\newBookStore\BookStore\node_modules\express\lib\response.js:795:10)
    at ServerResponse.send (C:\Users\admin\Desktop\fundoo_Notes\newBookStore\BookStore\node_modules\express\lib\response.js:175:12)
    at ServerResponse.json (C:\Users\admin\Desktop\fundoo_Notes\newBookStore\BookStore\node_modules\express\lib\response.js:279:15)
    at bookUsercontroller.<anonymous> (C:\Users\admin\Desktop\fundoo_Notes\newBookStore\BookStore\src\controllers\bookuser.controller.ts:72:46)
    at Generator.next (<anonymous>)
    at fulfilled (C:\Users\admin\Desktop\fundoo_Notes\newBookStore\BookStore\src\controllers\bookuser.controller.ts:5:58)
    at processTicksAndRejections (node:internal/process/task_queues:95:5) {"date":"Mon Aug 19 2024 13:20:44 GMT+0530 (India Standard Time)","error":{"code":"ERR_HTTP_HEADERS_SENT"},"exception":true,"os":{"loadavg":[0,0,0],"uptime":182787.515},"process":{"argv":["C:\\Program Files\\nodejs\\node.exe","./src/index.ts"],"cwd":"C:\\Users\\admin\\Desktop\\fundoo_Notes\\newBookStore\\BookStore","execPath":"C:\\Program Files\\nodejs\\node.exe","gid":null,"memoryUsage":{"arrayBuffers":106251,"external":2409094,"heapTotal":55365632,"heapUsed":23400280,"rss":72970240},"pid":5192,"uid":null,"version":"v20.14.0"},"stack":"Error: Cannot set headers after they are sent to the client\n    at ServerResponse.setHeader (node:_http_outgoing:659:11)\n    at ServerResponse.header (C:\\Users\\admin\\Desktop\\fundoo_Notes\\newBookStore\\BookStore\\node_modules\\express\\lib\\response.js:795:10)\n    at ServerResponse.send (C:\\Users\\admin\\Desktop\\fundoo_Notes\\newBookStore\\BookStore\\node_modules\\express\\lib\\response.js:175:12)\n    at ServerResponse.json (C:\\Users\\admin\\Desktop\\fundoo_Notes\\newBookStore\\BookStore\\node_modules\\express\\lib\\response.js:279:15)\n    at bookUsercontroller.<anonymous> (C:\\Users\\admin\\Desktop\\fundoo_Notes\\newBookStore\\BookStore\\src\\controllers\\bookuser.controller.ts:72:46)\n    at Generator.next (<anonymous>)\n    at fulfilled (C:\\Users\\admin\\Desktop\\fundoo_Notes\\newBookStore\\BookStore\\src\\controllers\\bookuser.controller.ts:5:58)\n    at processTicksAndRejections (node:internal/process/task_queues:95:5)","trace":[{"column":11,"file":"node:_http_outgoing","function":"ServerResponse.setHeader","line":659,"method":"setHeader","native":false},{"column":10,"file":"C:\\Users\\admin\\Desktop\\fundoo_Notes\\newBookStore\\BookStore\\node_modules\\express\\lib\\response.js","function":"ServerResponse.header","line":795,"method":"header","native":false},{"column":12,"file":"C:\\Users\\admin\\Desktop\\fundoo_Notes\\newBookStore\\BookStore\\node_modules\\express\\lib\\response.js","function":"ServerResponse.send","line":175,"method":"send","native":false},{"column":15,"file":"C:\\Users\\admin\\Desktop\\fundoo_Notes\\newBookStore\\BookStore\\node_modules\\express\\lib\\response.js","function":"ServerResponse.json","line":279,"method":"json","native":false},{"column":46,"file":"C:\\Users\\admin\\Desktop\\fundoo_Notes\\newBookStore\\BookStore\\src\\controllers\\bookuser.controller.ts","function":null,"line":72,"method":null,"native":false},{"column":null,"file":null,"function":"Generator.next","line":null,"method":"next","native":false},{"column":58,"file":"C:\\Users\\admin\\Desktop\\fundoo_Notes\\newBookStore\\BookStore\\src\\controllers\\bookuser.controller.ts","function":"fulfilled","line":5,"method":null,"native":false},{"column":5,"file":"node:internal/process/task_queues","function":"processTicksAndRejections","line":95,"method":null,"native":false}]}
info: ::1 - - [19/Aug/2024:07:53:58 +0000] "POST /api/v1/bookstore/user/login HTTP/1.1" 400 11 "-" "PostmanRuntime/7.41.1"

error: uncaughtException: Cannot set headers after they are sent to the client
Error: Cannot set headers after they are sent to the client
    at ServerResponse.setHeader (node:_http_outgoing:659:11)
    at ServerResponse.header (C:\Users\admin\Desktop\fundoo_Notes\newBookStore\BookStore\node_modules\express\lib\response.js:795:10)
    at ServerResponse.send (C:\Users\admin\Desktop\fundoo_Notes\newBookStore\BookStore\node_modules\express\lib\response.js:175:12)
    at ServerResponse.json (C:\Users\admin\Desktop\fundoo_Notes\newBookStore\BookStore\node_modules\express\lib\response.js:279:15)
    at bookUsercontroller.<anonymous> (C:\Users\admin\Desktop\fundoo_Notes\newBookStore\BookStore\src\controllers\bookuser.controller.ts:76:46)
    at Generator.next (<anonymous>)
    at fulfilled (C:\Users\admin\Desktop\fundoo_Notes\newBookStore\BookStore\src\controllers\bookuser.controller.ts:5:58)
    at processTicksAndRejections (node:internal/process/task_queues:95:5) {"date":"Mon Aug 19 2024 13:23:58 GMT+0530 (India Standard Time)","error":{"code":"ERR_HTTP_HEADERS_SENT"},"exception":true,"os":{"loadavg":[0,0,0],"uptime":182981.515},"process":{"argv":["C:\\Program Files\\nodejs\\node.exe","./src/index.ts"],"cwd":"C:\\Users\\admin\\Desktop\\fundoo_Notes\\newBookStore\\BookStore","execPath":"C:\\Program Files\\nodejs\\node.exe","gid":null,"memoryUsage":{"arrayBuffers":53404,"external":2353055,"heapTotal":21549056,"heapUsed":19652992,"rss":55906304},"pid":11560,"uid":null,"version":"v20.14.0"},"stack":"Error: Cannot set headers after they are sent to the client\n    at ServerResponse.setHeader (node:_http_outgoing:659:11)\n    at ServerResponse.header (C:\\Users\\admin\\Desktop\\fundoo_Notes\\newBookStore\\BookStore\\node_modules\\express\\lib\\response.js:795:10)\n    at ServerResponse.send (C:\\Users\\admin\\Desktop\\fundoo_Notes\\newBookStore\\BookStore\\node_modules\\express\\lib\\response.js:175:12)\n    at ServerResponse.json (C:\\Users\\admin\\Desktop\\fundoo_Notes\\newBookStore\\BookStore\\node_modules\\express\\lib\\response.js:279:15)\n    at bookUsercontroller.<anonymous> (C:\\Users\\admin\\Desktop\\fundoo_Notes\\newBookStore\\BookStore\\src\\controllers\\bookuser.controller.ts:76:46)\n    at Generator.next (<anonymous>)\n    at fulfilled (C:\\Users\\admin\\Desktop\\fundoo_Notes\\newBookStore\\BookStore\\src\\controllers\\bookuser.controller.ts:5:58)\n    at processTicksAndRejections (node:internal/process/task_queues:95:5)","trace":[{"column":11,"file":"node:_http_outgoing","function":"ServerResponse.setHeader","line":659,"method":"setHeader","native":false},{"column":10,"file":"C:\\Users\\admin\\Desktop\\fundoo_Notes\\newBookStore\\BookStore\\node_modules\\express\\lib\\response.js","function":"ServerResponse.header","line":795,"method":"header","native":false},{"column":12,"file":"C:\\Users\\admin\\Desktop\\fundoo_Notes\\newBookStore\\BookStore\\node_modules\\express\\lib\\response.js","function":"ServerResponse.send","line":175,"method":"send","native":false},{"column":15,"file":"C:\\Users\\admin\\Desktop\\fundoo_Notes\\newBookStore\\BookStore\\node_modules\\express\\lib\\response.js","function":"ServerResponse.json","line":279,"method":"json","native":false},{"column":46,"file":"C:\\Users\\admin\\Desktop\\fundoo_Notes\\newBookStore\\BookStore\\src\\controllers\\bookuser.controller.ts","function":null,"line":76,"method":null,"native":false},{"column":null,"file":null,"function":"Generator.next","line":null,"method":"next","native":false},{"column":58,"file":"C:\\Users\\admin\\Desktop\\fundoo_Notes\\newBookStore\\BookStore\\src\\controllers\\bookuser.controller.ts","function":"fulfilled","line":5,"method":null,"native":false},{"column":5,"file":"node:internal/process/task_queues","function":"processTicksAndRejections","line":95,"method":null,"native":false}]}
info: ::1 - - [19/Aug/2024:08:07:45 +0000] "POST /api/v1/bookstore/user/login HTTP/1.1" 404 47 "-" "PostmanRuntime/7.41.1"

info: ::1 - - [19/Aug/2024:08:08:30 +0000] "POST /api/v1/bookstore/user/login HTTP/1.1" 404 47 "-" "PostmanRuntime/7.41.1"

info: ::1 - - [19/Aug/2024:08:09:36 +0000] "POST /api/v1/bookstore/user/login HTTP/1.1" 404 47 "-" "PostmanRuntime/7.41.1"

info: ::1 - - [19/Aug/2024:08:10:25 +0000] "POST /api/v1/bookstore/user/login HTTP/1.1" 404 47 "-" "PostmanRuntime/7.41.1"

info: ::1 - - [19/Aug/2024:08:11:54 +0000] "POST /api/v1/bookstore/user/login HTTP/1.1" 404 47 "-" "PostmanRuntime/7.41.1"

info: ::1 - - [19/Aug/2024:08:13:25 +0000] "POST /api/v1/bookstore/user/login HTTP/1.1" 404 47 "-" "PostmanRuntime/7.41.1"

info: ::1 - - [19/Aug/2024:08:17:31 +0000] "POST /api/v1/bookstore/user/login HTTP/1.1" 404 47 "-" "PostmanRuntime/7.41.1"

info: ::1 - - [19/Aug/2024:08:43:47 +0000] "POST /api/v1/bookstore/user/login HTTP/1.1" 400 11 "-" "PostmanRuntime/7.41.1"

info: ::1 - - [19/Aug/2024:08:44:38 +0000] "POST /api/v1/bookstore/user/login HTTP/1.1" 400 25 "-" "PostmanRuntime/7.41.1"

info: ::1 - - [19/Aug/2024:08:46:10 +0000] "POST /api/v1/bookstore/user/login HTTP/1.1" 400 25 "-" "PostmanRuntime/7.41.1"

info: ::1 - - [19/Aug/2024:08:49:41 +0000] "POST /api/v1/bookstore/user HTTP/1.1" 400 35 "-" "PostmanRuntime/7.41.1"

info: ::1 - - [19/Aug/2024:08:51:09 +0000] "POST /api/v1/bookstore/user HTTP/1.1" 201 225 "-" "PostmanRuntime/7.41.1"

info: ::1 - - [19/Aug/2024:08:52:52 +0000] "POST /api/v1/bookstore/user/login HTTP/1.1" 202 292 "-" "PostmanRuntime/7.41.1"

info: ::1 - - [19/Aug/2024:08:55:43 +0000] "POST /api/v1/bookstore/user/login HTTP/1.1" 202 292 "-" "PostmanRuntime/7.41.1"

info: ::1 - - [19/Aug/2024:08:56:45 +0000] "POST /api/v1/bookstore/user HTTP/1.1" 201 221 "-" "PostmanRuntime/7.41.1"

info: ::1 - - [19/Aug/2024:09:00:42 +0000] "POST /api/v1/bookstore/user HTTP/1.1" 201 225 "-" "PostmanRuntime/7.41.1"

info: ::1 - - [19/Aug/2024:09:01:47 +0000] "POST /api/v1/bookstore/user HTTP/1.1" 201 171 "-" "PostmanRuntime/7.41.1"

info: ::1 - - [19/Aug/2024:09:03:21 +0000] "POST /api/v1/bookstore/user/login HTTP/1.1" 202 288 "-" "PostmanRuntime/7.41.1"

info: ::1 - - [19/Aug/2024:09:03:59 +0000] "POST /api/v1/bookstore/user/login HTTP/1.1" 202 312 "-" "PostmanRuntime/7.41.1"

info: ::1 - - [19/Aug/2024:09:09:26 +0000] "POST /api/v1/bookstore/user/login HTTP/1.1" - - "-" "PostmanRuntime/7.41.1"

info: ::1 - - [19/Aug/2024:09:11:54 +0000] "POST /api/v1/bookstore/user/login HTTP/1.1" 202 261 "-" "PostmanRuntime/7.41.1"

info: ::1 - - [19/Aug/2024:10:36:50 +0000] "POST /api/v1/bookstore/user/login/update HTTP/1.1" 404 47 "-" "PostmanRuntime/7.41.1"

info: ::1 - - [19/Aug/2024:10:37:21 +0000] "POST /api/v1/bookstore/user/update HTTP/1.1" 202 45 "-" "PostmanRuntime/7.41.1"

info: ::1 - - [19/Aug/2024:10:37:59 +0000] "POST /api/v1/bookstore/user/login HTTP/1.1" 202 261 "-" "PostmanRuntime/7.41.1"

info: ::1 - - [19/Aug/2024:10:38:19 +0000] "POST /api/v1/bookstore/user/login HTTP/1.1" 400 60 "-" "PostmanRuntime/7.41.1"

info: ::1 - - [19/Aug/2024:10:38:27 +0000] "POST /api/v1/bookstore/user/login HTTP/1.1" 202 261 "-" "PostmanRuntime/7.41.1"

info: ::1 - - [19/Aug/2024:10:39:45 +0000] "POST /api/v1/bookstore/user/update HTTP/1.1" 202 45 "-" "PostmanRuntime/7.41.1"

info: ::1 - - [19/Aug/2024:10:40:51 +0000] "POST /api/v1/bookstore/user/update HTTP/1.1" 202 45 "-" "PostmanRuntime/7.41.1"

info: ::1 - - [19/Aug/2024:10:41:46 +0000] "POST /api/v1/bookstore/user/update HTTP/1.1" 202 45 "-" "PostmanRuntime/7.41.1"

info: ::1 - - [19/Aug/2024:10:42:49 +0000] "POST /api/v1/bookstore/user/update HTTP/1.1" 202 45 "-" "PostmanRuntime/7.41.1"

info: ::1 - - [19/Aug/2024:10:45:34 +0000] "POST /api/v1/bookstore/user/update HTTP/1.1" 202 45 "-" "PostmanRuntime/7.41.1"

info: ::1 - - [19/Aug/2024:10:47:07 +0000] "POST /api/v1/bookstore/user/login HTTP/1.1" 400 60 "-" "PostmanRuntime/7.41.1"

info: ::1 - - [19/Aug/2024:10:47:18 +0000] "POST /api/v1/bookstore/user/login HTTP/1.1" 202 261 "-" "PostmanRuntime/7.41.1"

